<?xml version="1.0" encoding="UTF-8"?>
<testsuites name="jest tests" tests="856" failures="0" errors="0" time="10.369">
  <testsuite name="selectFileForPinning" errors="0" failures="0" skipped="16" timestamp="2026-01-22T15:22:48" time="0.413" tests="16">
    <testcase classname="selectFileForPinning with a -r option chooses targetFile" name="selectFileForPinning with a -r option chooses targetFile" time="0">
      <skipped/>
    </testcase>
    <testcase classname="selectFileForPinning without -r or -c option chooses targetFile" name="selectFileForPinning without -r or -c option chooses targetFile" time="0">
      <skipped/>
    </testcase>
    <testcase classname="selectFileForPinning with a -c option chooses constraints.txt file" name="selectFileForPinning with a -c option chooses constraints.txt file" time="0">
      <skipped/>
    </testcase>
    <testcase classname="fix *req*.txt / *.txt Python projects fixes project with a -r option" name="fix *req*.txt / *.txt Python projects fixes project with a -r option" time="0">
      <skipped/>
    </testcase>
    <testcase classname="fix *req*.txt / *.txt Python projects does not add extra new lines" name="fix *req*.txt / *.txt Python projects does not add extra new lines" time="0">
      <skipped/>
    </testcase>
    <testcase classname="fix *req*.txt / *.txt Python projects retains new line eof" name="fix *req*.txt / *.txt Python projects retains new line eof" time="0">
      <skipped/>
    </testcase>
    <testcase classname="fix *req*.txt / *.txt Python projects does not mess formatting" name="fix *req*.txt / *.txt Python projects does not mess formatting" time="0">
      <skipped/>
    </testcase>
    <testcase classname="fix *req*.txt / *.txt Python projects ignores dependency name casing (treats all as lowercase)" name="fix *req*.txt / *.txt Python projects ignores dependency name casing (treats all as lowercase)" time="0">
      <skipped/>
    </testcase>
    <testcase classname="fix *req*.txt / *.txt Python projects maintains package name casing when upgrading" name="fix *req*.txt / *.txt Python projects maintains package name casing when upgrading" time="0">
      <skipped/>
    </testcase>
    <testcase classname="fix *req*.txt / *.txt Python projects matches a package with multiple digit versions i.e. 12.123.14" name="fix *req*.txt / *.txt Python projects matches a package with multiple digit versions i.e. 12.123.14" time="0">
      <skipped/>
    </testcase>
    <testcase classname="fix *req*.txt / *.txt Python projects maintains version comparator when upgrading" name="fix *req*.txt / *.txt Python projects maintains version comparator when upgrading" time="0">
      <skipped/>
    </testcase>
    <testcase classname="fix *req*.txt / *.txt Python projects retains python markers" name="fix *req*.txt / *.txt Python projects retains python markers" time="0">
      <skipped/>
    </testcase>
    <testcase classname="fix *req*.txt / *.txt Python projects fixes multiple files that are included via -r" name="fix *req*.txt / *.txt Python projects fixes multiple files that are included via -r" time="0">
      <skipped/>
    </testcase>
    <testcase classname="fix *req*.txt / *.txt Python projects fixes multiple files via -r with the same name (some were already fixed)" name="fix *req*.txt / *.txt Python projects fixes multiple files via -r with the same name (some were already fixed)" time="0">
      <skipped/>
    </testcase>
    <testcase classname="fix *req*.txt / *.txt Python projects fixes multiple files via -c &amp; -r with the same name (some were already fixed)" name="fix *req*.txt / *.txt Python projects fixes multiple files via -c &amp; -r with the same name (some were already fixed)" time="0">
      <skipped/>
    </testcase>
    <testcase classname="fix custom named Python projects with --file &amp; --packageManager parameters fixes *.frozen manifest with a --packageManager option" name="fix custom named Python projects with --file &amp; --packageManager parameters fixes *.frozen manifest with a --packageManager option" time="0">
      <skipped/>
    </testcase>
  </testsuite>
  <testsuite name="snyk container" errors="0" failures="0" skipped="31" timestamp="2026-01-22T15:22:49" time="0.089" tests="31">
    <testcase classname="snyk container test finds dependencies in rpm sqlite databases" name="snyk container test finds dependencies in rpm sqlite databases" time="0">
      <skipped/>
    </testcase>
    <testcase classname="snyk container test finds dependencies in rpm ndb databases" name="snyk container test finds dependencies in rpm ndb databases" time="0">
      <skipped/>
    </testcase>
    <testcase classname="snyk container test finds dependencies in wolfi/chainguard image" name="snyk container test finds dependencies in wolfi/chainguard image" time="0">
      <skipped/>
    </testcase>
    <testcase classname="snyk container test container tests the platform specified in the parameters" name="snyk container test container tests the platform specified in the parameters" time="0">
      <skipped/>
    </testcase>
    <testcase classname="snyk container test container test scan when the archive type is not specified in the .tar path prefix" name="snyk container test container test scan when the archive type is not specified in the .tar path prefix" time="0">
      <skipped/>
    </testcase>
    <testcase classname="snyk container test detects stripped Go binaries and reports fleet-server dependencies" name="snyk container test detects stripped Go binaries and reports fleet-server dependencies" time="0">
      <skipped/>
    </testcase>
    <testcase classname="snyk container test should correctly scan an OCI image with manifest missing platform field" name="snyk container test should correctly scan an OCI image with manifest missing platform field" time="0">
      <skipped/>
    </testcase>
    <testcase classname="snyk container test npm depGraph is generated in an npm image with lockfiles" name="snyk container test npm depGraph is generated in an npm image with lockfiles" time="0">
      <skipped/>
    </testcase>
    <testcase classname="snyk container test npm depGraph is generated in an npm image without package-lock.json file" name="snyk container test npm depGraph is generated in an npm image without package-lock.json file" time="0">
      <skipped/>
    </testcase>
    <testcase classname="snyk container test npm depGraph is generated in an npm image without package-lock.json and package.json file" name="snyk container test npm depGraph is generated in an npm image without package-lock.json and package.json file" time="0">
      <skipped/>
    </testcase>
    <testcase classname="snyk container test npm projects target file are found in container image" name="snyk container test npm projects target file are found in container image" time="0">
      <skipped/>
    </testcase>
    <testcase classname="snyk container test npm depGraph is generated in an npm image with lockfiles image" name="snyk container test npm depGraph is generated in an npm image with lockfiles image" time="0">
      <skipped/>
    </testcase>
    <testcase classname="snyk container test pnpm depGraph is generated in an image with pnpm-lock.yaml v6" name="snyk container test pnpm depGraph is generated in an image with pnpm-lock.yaml v6" time="0">
      <skipped/>
    </testcase>
    <testcase classname="snyk container test pnpm depGraph is generated in an image with pnpm-lock.yaml v9" name="snyk container test pnpm depGraph is generated in an image with pnpm-lock.yaml v9" time="0">
      <skipped/>
    </testcase>
    <testcase classname="snyk container test pnpm project target file is found in container image" name="snyk container test pnpm project target file is found in container image" time="0">
      <skipped/>
    </testcase>
    <testcase classname="snyk container test finds dependencies in oci image (library/ubuntu)" name="snyk container test finds dependencies in oci image (library/ubuntu)" time="0">
      <skipped/>
    </testcase>
    <testcase classname="snyk container test prints dep graph with --print-graph flag" name="snyk container test prints dep graph with --print-graph flag" time="0">
      <skipped/>
    </testcase>
    <testcase classname="snyk container test includes OS field with prettyName under docker element in JSON output for container tests when OS info is available" name="snyk container test includes OS field with prettyName under docker element in JSON output for container tests when OS info is available" time="0">
      <skipped/>
    </testcase>
    <testcase classname="snyk container test successfully scans a local docker image with private tag" name="snyk container test successfully scans a local docker image with private tag" time="0">
      <skipped/>
    </testcase>
    <testcase classname="snyk container test successfully scans container with an executable file larger than the node.js max file size" name="snyk container test successfully scans container with an executable file larger than the node.js max file size" time="0">
      <skipped/>
    </testcase>
    <testcase classname="snyk container test successfully scans image with empty history array" name="snyk container test successfully scans image with empty history array" time="0">
      <skipped/>
    </testcase>
    <testcase classname="snyk container test detects sub-packages in n8n container image" name="snyk container test detects sub-packages in n8n container image" time="0">
      <skipped/>
    </testcase>
    <testcase classname="snyk container depgraph should print depgraph for image as JSON" name="snyk container depgraph should print depgraph for image as JSON" time="0">
      <skipped/>
    </testcase>
    <testcase classname="snyk container sbom (mock export-sbom service) should print sbom for image - spdx" name="snyk container sbom (mock export-sbom service) should print sbom for image - spdx" time="0">
      <skipped/>
    </testcase>
    <testcase classname="snyk container sbom (mock export-sbom service) should print sbom for image - cyclonedx 1.4" name="snyk container sbom (mock export-sbom service) should print sbom for image - cyclonedx 1.4" time="0">
      <skipped/>
    </testcase>
    <testcase classname="snyk container sbom (mock export-sbom service) should print sbom for image - cyclonedx 1.5" name="snyk container sbom (mock export-sbom service) should print sbom for image - cyclonedx 1.5" time="0">
      <skipped/>
    </testcase>
    <testcase classname="snyk container sbom (mock export-sbom service) should print sbom for image - cyclonedx 1.6" name="snyk container sbom (mock export-sbom service) should print sbom for image - cyclonedx 1.6" time="0">
      <skipped/>
    </testcase>
    <testcase classname="snyk container sbom (mock export-sbom service) finds go binaries on windows with complex paths" name="snyk container sbom (mock export-sbom service) finds go binaries on windows with complex paths" time="0">
      <skipped/>
    </testcase>
    <testcase classname="snyk container snyk container monitor --json output snyk container monitor json produces expected output for a single depgraph" name="snyk container snyk container monitor --json output snyk container monitor json produces expected output for a single depgraph" time="0">
      <skipped/>
    </testcase>
    <testcase classname="snyk container snyk container monitor --json output snyk container monitor json produces expected output for multiple depgraphs" name="snyk container snyk container monitor --json output snyk container monitor json produces expected output for multiple depgraphs" time="0">
      <skipped/>
    </testcase>
    <testcase classname="snyk container snyk container monitor supports --target-reference forwards value of target-reference to monitor-dependencies endpoint" name="snyk container snyk container monitor supports --target-reference forwards value of target-reference to monitor-dependencies endpoint" time="0">
      <skipped/>
    </testcase>
  </testsuite>
  <testsuite name="snyk code test" errors="0" failures="0" skipped="47" timestamp="2026-01-22T15:22:49" time="0.067" tests="47">
    <testcase classname="snyk code test user journey typescript workflow snyk code flag options works with --remote-repo-url" name="snyk code test user journey typescript workflow snyk code flag options works with --remote-repo-url" time="0">
      <skipped/>
    </testcase>
    <testcase classname="snyk code test user journey typescript workflow snyk code flag options works with --severity-threshold" name="snyk code test user journey typescript workflow snyk code flag options works with --severity-threshold" time="0">
      <skipped/>
    </testcase>
    <testcase classname="snyk code test user journey typescript workflow snyk code flag options works with --severity-threshold when all issues are filtered out" name="snyk code test user journey typescript workflow snyk code flag options works with --severity-threshold when all issues are filtered out" time="0">
      <skipped/>
    </testcase>
    <testcase classname="snyk code test user journey typescript workflow snyk code flag options works with --org" name="snyk code test user journey typescript workflow snyk code flag options works with --org" time="0">
      <skipped/>
    </testcase>
    <testcase classname="snyk code test user journey typescript workflow works on projects with no git context" name="snyk code test user journey typescript workflow works on projects with no git context" time="0">
      <skipped/>
    </testcase>
    <testcase classname="snyk code test user journey typescript workflow should succeed - when no vulnerabilities found" name="snyk code test user journey typescript workflow should succeed - when no vulnerabilities found" time="0">
      <skipped/>
    </testcase>
    <testcase classname="snyk code test user journey typescript workflow should not include code quality issues in results" name="snyk code test user journey typescript workflow should not include code quality issues in results" time="0">
      <skipped/>
    </testcase>
    <testcase classname="snyk code test user journey typescript workflow should fail with correct exit code - when testing empty project" name="snyk code test user journey typescript workflow should fail with correct exit code - when testing empty project" time="0">
      <skipped/>
    </testcase>
    <testcase classname="snyk code test user journey typescript workflow should fail with correct exit code - when using invalid token" name="snyk code test user journey typescript workflow should fail with correct exit code - when using invalid token" time="0">
      <skipped/>
    </testcase>
    <testcase classname="snyk code test user journey typescript workflow works with --json" name="snyk code test user journey typescript workflow works with --json" time="0">
      <skipped/>
    </testcase>
    <testcase classname="snyk code test user journey typescript workflow supports whitespaces in the path" name="snyk code test user journey typescript workflow supports whitespaces in the path" time="0">
      <skipped/>
    </testcase>
    <testcase classname="snyk code test user journey typescript workflow works with --sarif" name="snyk code test user journey typescript workflow works with --sarif" time="0">
      <skipped/>
    </testcase>
    <testcase classname="snyk code test user journey typescript workflow works with --json-file-output" name="snyk code test user journey typescript workflow works with --json-file-output" time="0">
      <skipped/>
    </testcase>
    <testcase classname="snyk code test user journey typescript workflow works with --sarif-file-output" name="snyk code test user journey typescript workflow works with --sarif-file-output" time="0">
      <skipped/>
    </testcase>
    <testcase classname="snyk code test user journey typescript workflow works with both --sarif-file-output and --json-file-output" name="snyk code test user journey typescript workflow works with both --sarif-file-output and --json-file-output" time="0">
      <skipped/>
    </testcase>
    <testcase classname="snyk code test user journey typescript workflow zero findings is handled differently with --sarif-file-output and --json-file-output" name="snyk code test user journey typescript workflow zero findings is handled differently with --sarif-file-output and --json-file-output" time="0">
      <skipped/>
    </testcase>
    <testcase classname="snyk code test user journey typescript workflow works with human readable output" name="snyk code test user journey typescript workflow works with human readable output" time="0">
      <skipped/>
    </testcase>
    <testcase classname="snyk code test user journey typescript workflow should pass when given a folder with spaces" name="snyk code test user journey typescript workflow should pass when given a folder with spaces" time="0">
      <skipped/>
    </testcase>
    <testcase classname="snyk code test user journey typescript workflow shows all issues when scanning a folder without repository context" name="snyk code test user journey typescript workflow shows all issues when scanning a folder without repository context" time="0">
      <skipped/>
    </testcase>
    <testcase classname="snyk code test user journey typescript workflow Stateful local code test --report" name="snyk code test user journey typescript workflow Stateful local code test --report" time="0">
      <skipped/>
    </testcase>
    <testcase classname="snyk code test user journey typescript workflow Stateful remote code test --report" name="snyk code test user journey typescript workflow Stateful remote code test --report" time="0">
      <skipped/>
    </testcase>
    <testcase classname="snyk code test user journey golang/native workflow snyk code flag options works with --remote-repo-url" name="snyk code test user journey golang/native workflow snyk code flag options works with --remote-repo-url" time="0">
      <skipped/>
    </testcase>
    <testcase classname="snyk code test user journey golang/native workflow snyk code flag options works with --severity-threshold" name="snyk code test user journey golang/native workflow snyk code flag options works with --severity-threshold" time="0">
      <skipped/>
    </testcase>
    <testcase classname="snyk code test user journey golang/native workflow snyk code flag options works with --severity-threshold when all issues are filtered out" name="snyk code test user journey golang/native workflow snyk code flag options works with --severity-threshold when all issues are filtered out" time="0">
      <skipped/>
    </testcase>
    <testcase classname="snyk code test user journey golang/native workflow works on projects with no git context" name="snyk code test user journey golang/native workflow works on projects with no git context" time="0">
      <skipped/>
    </testcase>
    <testcase classname="snyk code test user journey golang/native workflow should succeed - when no vulnerabilities found" name="snyk code test user journey golang/native workflow should succeed - when no vulnerabilities found" time="0">
      <skipped/>
    </testcase>
    <testcase classname="snyk code test user journey golang/native workflow should not include code quality issues in results" name="snyk code test user journey golang/native workflow should not include code quality issues in results" time="0">
      <skipped/>
    </testcase>
    <testcase classname="snyk code test user journey golang/native workflow should fail with correct exit code - when testing empty project" name="snyk code test user journey golang/native workflow should fail with correct exit code - when testing empty project" time="0">
      <skipped/>
    </testcase>
    <testcase classname="snyk code test user journey golang/native workflow should fail with correct exit code - when using invalid token" name="snyk code test user journey golang/native workflow should fail with correct exit code - when using invalid token" time="0">
      <skipped/>
    </testcase>
    <testcase classname="snyk code test user journey golang/native workflow works with --json" name="snyk code test user journey golang/native workflow works with --json" time="0">
      <skipped/>
    </testcase>
    <testcase classname="snyk code test user journey golang/native workflow supports whitespaces in the path" name="snyk code test user journey golang/native workflow supports whitespaces in the path" time="0">
      <skipped/>
    </testcase>
    <testcase classname="snyk code test user journey golang/native workflow works with --sarif" name="snyk code test user journey golang/native workflow works with --sarif" time="0">
      <skipped/>
    </testcase>
    <testcase classname="snyk code test user journey golang/native workflow works with --json-file-output" name="snyk code test user journey golang/native workflow works with --json-file-output" time="0">
      <skipped/>
    </testcase>
    <testcase classname="snyk code test user journey golang/native workflow works with --sarif-file-output" name="snyk code test user journey golang/native workflow works with --sarif-file-output" time="0">
      <skipped/>
    </testcase>
    <testcase classname="snyk code test user journey golang/native workflow works with both --sarif-file-output and --json-file-output" name="snyk code test user journey golang/native workflow works with both --sarif-file-output and --json-file-output" time="0">
      <skipped/>
    </testcase>
    <testcase classname="snyk code test user journey golang/native workflow zero findings is handled differently with --sarif-file-output and --json-file-output" name="snyk code test user journey golang/native workflow zero findings is handled differently with --sarif-file-output and --json-file-output" time="0">
      <skipped/>
    </testcase>
    <testcase classname="snyk code test user journey golang/native workflow works with human readable output" name="snyk code test user journey golang/native workflow works with human readable output" time="0">
      <skipped/>
    </testcase>
    <testcase classname="snyk code test user journey golang/native workflow should pass when given a folder with spaces" name="snyk code test user journey golang/native workflow should pass when given a folder with spaces" time="0">
      <skipped/>
    </testcase>
    <testcase classname="snyk code test user journey golang/native workflow shows all issues when scanning a folder without repository context" name="snyk code test user journey golang/native workflow shows all issues when scanning a folder without repository context" time="0">
      <skipped/>
    </testcase>
    <testcase classname="snyk code test user journey golang/native workflow Stateful local code test --report" name="snyk code test user journey golang/native workflow Stateful local code test --report" time="0">
      <skipped/>
    </testcase>
    <testcase classname="snyk code test user journey golang/native workflow Stateful remote code test --report" name="snyk code test user journey golang/native workflow Stateful remote code test --report" time="0">
      <skipped/>
    </testcase>
    <testcase classname="snyk code test user journey golang/native workflow with ignored issues given 4 issues are ignored and 5 open issues are present with --severity-threshold" name="snyk code test user journey golang/native workflow with ignored issues given 4 issues are ignored and 5 open issues are present with --severity-threshold" time="0">
      <skipped/>
    </testcase>
    <testcase classname="snyk code test user journey golang/native workflow with ignored issues given 4 issues are ignored and 5 open issues are present with --include-ignores" name="snyk code test user journey golang/native workflow with ignored issues given 4 issues are ignored and 5 open issues are present with --include-ignores" time="0">
      <skipped/>
    </testcase>
    <testcase classname="snyk code test user journey golang/native workflow with ignored issues given 4 issues are ignored and 0 open issues are present with --severity-threshold" name="snyk code test user journey golang/native workflow with ignored issues given 4 issues are ignored and 0 open issues are present with --severity-threshold" time="0">
      <skipped/>
    </testcase>
    <testcase classname="snyk code test user journey golang/native workflow with ignored issues given 4 issues are ignored and 0 open issues are present with --include-ignores" name="snyk code test user journey golang/native workflow with ignored issues given 4 issues are ignored and 0 open issues are present with --include-ignores" time="0">
      <skipped/>
    </testcase>
    <testcase classname="snyk code test user journey golang/native workflow with ignored issues test a single file" name="snyk code test user journey golang/native workflow with ignored issues test a single file" time="0">
      <skipped/>
    </testcase>
    <testcase classname="snyk code test user journey golang/native workflow file filtering support should support .gitignore file filtering" name="snyk code test user journey golang/native workflow file filtering support should support .gitignore file filtering" time="0">
      <skipped/>
    </testcase>
  </testsuite>
  <testsuite name="fix Poetry Python projects" errors="0" failures="0" skipped="16" timestamp="2026-01-22T15:22:49" time="0.04" tests="16">
    <testcase classname="fix Poetry Python projects shows expected changes with lockfile in --dry-run mode" name="fix Poetry Python projects shows expected changes with lockfile in --dry-run mode" time="0">
      <skipped/>
    </testcase>
    <testcase classname="fix Poetry Python projects error is bubbled up" name="fix Poetry Python projects error is bubbled up" time="0">
      <skipped/>
    </testcase>
    <testcase classname="fix Poetry Python projects Calls the plugin with expected parameters (upgrade &amp; pin)" name="fix Poetry Python projects Calls the plugin with expected parameters (upgrade &amp; pin)" time="0">
      <skipped/>
    </testcase>
    <testcase classname="fix Poetry Python projects Calls the plugin with expected parameters with --dev (upgrade &amp; pin)" name="fix Poetry Python projects Calls the plugin with expected parameters with --dev (upgrade &amp; pin)" time="0">
      <skipped/>
    </testcase>
    <testcase classname="fix Poetry Python projects pins a transitive dep with custom python interpreter via --command" name="fix Poetry Python projects pins a transitive dep with custom python interpreter via --command" time="0">
      <skipped/>
    </testcase>
    <testcase classname="fix Poetry Python projects shows expected changes when updating a dev dep" name="fix Poetry Python projects shows expected changes when updating a dev dep" time="0">
      <skipped/>
    </testcase>
    <testcase classname="fix Poetry Python projects upgrade fails since the env already has the right versions (full failure)" name="fix Poetry Python projects upgrade fails since the env already has the right versions (full failure)" time="0">
      <skipped/>
    </testcase>
    <testcase classname="fix Poetry Python projects upgrade of dev deps fails (partial failure)" name="fix Poetry Python projects upgrade of dev deps fails (partial failure)" time="0">
      <skipped/>
    </testcase>
    <testcase classname="fix Poetry Python projects fix sequentially shows expected changes with lockfile in --dry-run mode" name="fix Poetry Python projects fix sequentially shows expected changes with lockfile in --dry-run mode" time="0">
      <skipped/>
    </testcase>
    <testcase classname="fix Poetry Python projects fix sequentially error is bubbled up" name="fix Poetry Python projects fix sequentially error is bubbled up" time="0">
      <skipped/>
    </testcase>
    <testcase classname="fix Poetry Python projects fix sequentially Calls the plugin with expected parameters (upgrade &amp; pin)" name="fix Poetry Python projects fix sequentially Calls the plugin with expected parameters (upgrade &amp; pin)" time="0">
      <skipped/>
    </testcase>
    <testcase classname="fix Poetry Python projects fix sequentially Calls the plugin with expected parameters with --dev (upgrade &amp; pin)" name="fix Poetry Python projects fix sequentially Calls the plugin with expected parameters with --dev (upgrade &amp; pin)" time="0">
      <skipped/>
    </testcase>
    <testcase classname="fix Poetry Python projects fix sequentially pins a transitive dep with custom python interpreter via --command" name="fix Poetry Python projects fix sequentially pins a transitive dep with custom python interpreter via --command" time="0">
      <skipped/>
    </testcase>
    <testcase classname="fix Poetry Python projects fix sequentially shows expected changes when updating a dev dep" name="fix Poetry Python projects fix sequentially shows expected changes when updating a dev dep" time="0">
      <skipped/>
    </testcase>
    <testcase classname="fix Poetry Python projects fix sequentially upgrade fails since the env already has the right versions (full failure)" name="fix Poetry Python projects fix sequentially upgrade fails since the env already has the right versions (full failure)" time="0">
      <skipped/>
    </testcase>
    <testcase classname="fix Poetry Python projects fix sequentially upgrade of dev deps fails (partial failure)" name="fix Poetry Python projects fix sequentially upgrade of dev deps fails (partial failure)" time="0">
      <skipped/>
    </testcase>
  </testsuite>
  <testsuite name="Directory scan" errors="0" failures="0" skipped="40" timestamp="2026-01-22T15:22:49" time="0.143" tests="40">
    <testcase classname="Directory scan scans all files in a directory with Kubernetes files" name="Directory scan scans all files in a directory with Kubernetes files" time="0">
      <skipped/>
    </testcase>
    <testcase classname="Directory scan scans all files in a directory with a mix of IaC files" name="Directory scan scans all files in a directory with a mix of IaC files" time="0">
      <skipped/>
    </testcase>
    <testcase classname="Directory scan filters out issues when using severity threshold" name="Directory scan filters out issues when using severity threshold" time="0">
      <skipped/>
    </testcase>
    <testcase classname="Directory scan outputs the expected text when running with --sarif flag" name="Directory scan outputs the expected text when running with --sarif flag" time="0">
      <skipped/>
    </testcase>
    <testcase classname="Directory scan outputs the expected text when running with --json flag" name="Directory scan outputs the expected text when running with --json flag" time="0">
      <skipped/>
    </testcase>
    <testcase classname="Directory scan limits the depth of the directories" name="Directory scan limits the depth of the directories" time="0">
      <skipped/>
    </testcase>
    <testcase classname="Directory scan Variadic - multiple path scans outputs both results and failures combined when scanning three paths" name="Directory scan Variadic - multiple path scans outputs both results and failures combined when scanning three paths" time="0">
      <skipped/>
    </testcase>
    <testcase classname="Directory scan Variadic - multiple path scans outputs both results and failures combined with --json flag" name="Directory scan Variadic - multiple path scans outputs both results and failures combined with --json flag" time="0">
      <skipped/>
    </testcase>
    <testcase classname="Directory scan Variadic - multiple path scans outputs both results and failures combined with --sarif flag" name="Directory scan Variadic - multiple path scans outputs both results and failures combined with --sarif flag" time="0">
      <skipped/>
    </testcase>
    <testcase classname="Directory scan Variadic - multiple path scans outputs both results and failures for first path when the last path is empty or non-existent" name="Directory scan Variadic - multiple path scans outputs both results and failures for first path when the last path is empty or non-existent" time="0">
      <skipped/>
    </testcase>
    <testcase classname="Directory scan Variadic - multiple path scans outputs issues and errors when one of the paths fails, with --json flag" name="Directory scan Variadic - multiple path scans outputs issues and errors when one of the paths fails, with --json flag" time="0">
      <skipped/>
    </testcase>
    <testcase classname="Directory scan Variadic - multiple path scans filters out errors when one of the paths fails, with --sarif flag" name="Directory scan Variadic - multiple path scans filters out errors when one of the paths fails, with --sarif flag" time="0">
      <skipped/>
    </testcase>
    <testcase classname="Directory scan directory with files that can not be parsed prints all invalid paths" name="Directory scan directory with files that can not be parsed prints all invalid paths" time="0">
      <skipped/>
    </testcase>
    <testcase classname="Directory scan directory with files that can not be parsed prints all errors and paths in --json" name="Directory scan directory with files that can not be parsed prints all errors and paths in --json" time="0">
      <skipped/>
    </testcase>
    <testcase classname="Directory scan Exit codes Issues found returns 1 even if some files failed to parse" name="Directory scan Exit codes Issues found returns 1 even if some files failed to parse" time="0">
      <skipped/>
    </testcase>
    <testcase classname="Directory scan Exit codes Issues found returns 1 even if some files failed to parse - using --json flag" name="Directory scan Exit codes Issues found returns 1 even if some files failed to parse - using --json flag" time="0">
      <skipped/>
    </testcase>
    <testcase classname="Directory scan Exit codes Issues found returns 1 even if some files failed to parse - using --sarif flag" name="Directory scan Exit codes Issues found returns 1 even if some files failed to parse - using --sarif flag" time="0">
      <skipped/>
    </testcase>
    <testcase classname="Directory scan Exit codes No Issues found returns 0 even if some files failed to parse" name="Directory scan Exit codes No Issues found returns 0 even if some files failed to parse" time="0">
      <skipped/>
    </testcase>
    <testcase classname="Directory scan Exit codes No Issues found returns 0 even if some files failed to parse - using --json flag" name="Directory scan Exit codes No Issues found returns 0 even if some files failed to parse - using --json flag" time="0">
      <skipped/>
    </testcase>
    <testcase classname="Directory scan Exit codes No Issues found returns 0 even if some files failed to parse - using --sarif flag" name="Directory scan Exit codes No Issues found returns 0 even if some files failed to parse - using --sarif flag" time="0">
      <skipped/>
    </testcase>
    <testcase classname="Directory scan for IaCV2 scans all files in a directory with Kubernetes files" name="Directory scan for IaCV2 scans all files in a directory with Kubernetes files" time="0">
      <skipped/>
    </testcase>
    <testcase classname="Directory scan for IaCV2 scans all files in a directory with a mix of IaC files" name="Directory scan for IaCV2 scans all files in a directory with a mix of IaC files" time="0">
      <skipped/>
    </testcase>
    <testcase classname="Directory scan for IaCV2 filters out issues when using severity threshold" name="Directory scan for IaCV2 filters out issues when using severity threshold" time="0">
      <skipped/>
    </testcase>
    <testcase classname="Directory scan for IaCV2 outputs the expected text when running with --sarif flag" name="Directory scan for IaCV2 outputs the expected text when running with --sarif flag" time="0">
      <skipped/>
    </testcase>
    <testcase classname="Directory scan for IaCV2 outputs the expected text when running with --json flag" name="Directory scan for IaCV2 outputs the expected text when running with --json flag" time="0">
      <skipped/>
    </testcase>
    <testcase classname="Directory scan for IaCV2 limits the depth of the directories" name="Directory scan for IaCV2 limits the depth of the directories" time="0">
      <skipped/>
    </testcase>
    <testcase classname="Directory scan for IaCV2 Variadic - multiple path scans outputs both results and failures combined when scanning three paths" name="Directory scan for IaCV2 Variadic - multiple path scans outputs both results and failures combined when scanning three paths" time="0">
      <skipped/>
    </testcase>
    <testcase classname="Directory scan for IaCV2 Variadic - multiple path scans outputs both results and failures combined with --json flag" name="Directory scan for IaCV2 Variadic - multiple path scans outputs both results and failures combined with --json flag" time="0">
      <skipped/>
    </testcase>
    <testcase classname="Directory scan for IaCV2 Variadic - multiple path scans outputs both results and failures combined with --sarif flag" name="Directory scan for IaCV2 Variadic - multiple path scans outputs both results and failures combined with --sarif flag" time="0">
      <skipped/>
    </testcase>
    <testcase classname="Directory scan for IaCV2 Variadic - multiple path scans outputs both results and failures for first path when the last path is empty or non-existent" name="Directory scan for IaCV2 Variadic - multiple path scans outputs both results and failures for first path when the last path is empty or non-existent" time="0">
      <skipped/>
    </testcase>
    <testcase classname="Directory scan for IaCV2 Variadic - multiple path scans outputs issues and errors when one of the paths fails, with --json flag" name="Directory scan for IaCV2 Variadic - multiple path scans outputs issues and errors when one of the paths fails, with --json flag" time="0">
      <skipped/>
    </testcase>
    <testcase classname="Directory scan for IaCV2 Variadic - multiple path scans filters out errors when one of the paths fails, with --sarif flag" name="Directory scan for IaCV2 Variadic - multiple path scans filters out errors when one of the paths fails, with --sarif flag" time="0">
      <skipped/>
    </testcase>
    <testcase classname="Directory scan for IaCV2 directory with files that can not be parsed prints all invalid paths" name="Directory scan for IaCV2 directory with files that can not be parsed prints all invalid paths" time="0">
      <skipped/>
    </testcase>
    <testcase classname="Directory scan for IaCV2 directory with files that can not be parsed prints all errors and paths in --json" name="Directory scan for IaCV2 directory with files that can not be parsed prints all errors and paths in --json" time="0">
      <skipped/>
    </testcase>
    <testcase classname="Directory scan for IaCV2 Exit codes Issues found returns 1 even if some files failed to parse" name="Directory scan for IaCV2 Exit codes Issues found returns 1 even if some files failed to parse" time="0">
      <skipped/>
    </testcase>
    <testcase classname="Directory scan for IaCV2 Exit codes Issues found returns 1 even if some files failed to parse - using --json flag" name="Directory scan for IaCV2 Exit codes Issues found returns 1 even if some files failed to parse - using --json flag" time="0">
      <skipped/>
    </testcase>
    <testcase classname="Directory scan for IaCV2 Exit codes Issues found returns 1 even if some files failed to parse - using --sarif flag" name="Directory scan for IaCV2 Exit codes Issues found returns 1 even if some files failed to parse - using --sarif flag" time="0">
      <skipped/>
    </testcase>
    <testcase classname="Directory scan for IaCV2 Exit codes No Issues found returns 0 even if some files failed to parse" name="Directory scan for IaCV2 Exit codes No Issues found returns 0 even if some files failed to parse" time="0">
      <skipped/>
    </testcase>
    <testcase classname="Directory scan for IaCV2 Exit codes No Issues found returns 0 even if some files failed to parse - using --json flag" name="Directory scan for IaCV2 Exit codes No Issues found returns 0 even if some files failed to parse - using --json flag" time="0">
      <skipped/>
    </testcase>
    <testcase classname="Directory scan for IaCV2 Exit codes No Issues found returns 0 even if some files failed to parse - using --sarif flag" name="Directory scan for IaCV2 Exit codes No Issues found returns 0 even if some files failed to parse - using --sarif flag" time="0">
      <skipped/>
    </testcase>
  </testsuite>
  <testsuite name="user journey" errors="0" failures="0" skipped="40" timestamp="2026-01-22T15:22:49" time="0.044" tests="40">
    <testcase classname="user journey typescript workflow `snyk test` of basic projects for each language/ecosystem run `snyk test` on a go project and ensure that required modules are not cached" name="user journey typescript workflow `snyk test` of basic projects for each language/ecosystem run `snyk test` on a go project and ensure that required modules are not cached" time="0">
      <skipped/>
    </testcase>
    <testcase classname="user journey typescript workflow `snyk test` of basic projects for each language/ecosystem run `snyk test` on a python project pip-app" name="user journey typescript workflow `snyk test` of basic projects for each language/ecosystem run `snyk test` on a python project pip-app" time="0">
      <skipped/>
    </testcase>
    <testcase classname="user journey typescript workflow `snyk test` of basic projects for each language/ecosystem run `snyk test` on a python project pip-app-robust" name="user journey typescript workflow `snyk test` of basic projects for each language/ecosystem run `snyk test` on a python project pip-app-robust" time="0">
      <skipped/>
    </testcase>
    <testcase classname="user journey typescript workflow `snyk test` of basic projects for each language/ecosystem fails `snyk test` on a python project with wrong command exits with code 2" name="user journey typescript workflow `snyk test` of basic projects for each language/ecosystem fails `snyk test` on a python project with wrong command exits with code 2" time="0">
      <skipped/>
    </testcase>
    <testcase classname="user journey typescript workflow `snyk test` of basic projects for each language/ecosystem run `snyk test` on a pipenv project" name="user journey typescript workflow `snyk test` of basic projects for each language/ecosystem run `snyk test` on a pipenv project" time="0">
      <skipped/>
    </testcase>
    <testcase classname="user journey typescript workflow `snyk test` of basic projects for each language/ecosystem run `snyk test` on a gradle project" name="user journey typescript workflow `snyk test` of basic projects for each language/ecosystem run `snyk test` on a gradle project" time="0">
      <skipped/>
    </testcase>
    <testcase classname="user journey typescript workflow `snyk test` of basic projects for each language/ecosystem run `snyk test` on a gradle project and check top-level dependency node id" name="user journey typescript workflow `snyk test` of basic projects for each language/ecosystem run `snyk test` on a gradle project and check top-level dependency node id" time="0">
      <skipped/>
    </testcase>
    <testcase classname="user journey typescript workflow `snyk test` of basic projects for each language/ecosystem run `snyk test` on a cocoapods project" name="user journey typescript workflow `snyk test` of basic projects for each language/ecosystem run `snyk test` on a cocoapods project" time="0">
      <skipped/>
    </testcase>
    <testcase classname="user journey typescript workflow `snyk test` of basic projects for each language/ecosystem run `snyk test` on a maven project" name="user journey typescript workflow `snyk test` of basic projects for each language/ecosystem run `snyk test` on a maven project" time="0">
      <skipped/>
    </testcase>
    <testcase classname="user journey typescript workflow `snyk test` of basic projects for each language/ecosystem run `snyk test` on a maven 4 basic project with wrapper" name="user journey typescript workflow `snyk test` of basic projects for each language/ecosystem run `snyk test` on a maven 4 basic project with wrapper" time="0">
      <skipped/>
    </testcase>
    <testcase classname="user journey typescript workflow `snyk test` of basic projects for each language/ecosystem run `snyk test --maven-aggregate-project` on a maven 4 aggregate project with wrapper" name="user journey typescript workflow `snyk test` of basic projects for each language/ecosystem run `snyk test --maven-aggregate-project` on a maven 4 aggregate project with wrapper" time="0">
      <skipped/>
    </testcase>
    <testcase classname="user journey typescript workflow `snyk test` of basic projects for each language/ecosystem run `snyk test` on a nuget project" name="user journey typescript workflow `snyk test` of basic projects for each language/ecosystem run `snyk test` on a nuget project" time="0">
      <skipped/>
    </testcase>
    <testcase classname="user journey typescript workflow `snyk test` of basic projects for each language/ecosystem run `snyk test` on a nuget project using v2 dotnet runtime resolution logic for nuget-app-6" name="user journey typescript workflow `snyk test` of basic projects for each language/ecosystem run `snyk test` on a nuget project using v2 dotnet runtime resolution logic for nuget-app-6" time="0">
      <skipped/>
    </testcase>
    <testcase classname="user journey typescript workflow `snyk test` of basic projects for each language/ecosystem run `snyk test` on a nuget project using v2 dotnet runtime resolution logic for nuget-app-6-no-rid" name="user journey typescript workflow `snyk test` of basic projects for each language/ecosystem run `snyk test` on a nuget project using v2 dotnet runtime resolution logic for nuget-app-6-no-rid" time="0">
      <skipped/>
    </testcase>
    <testcase classname="user journey typescript workflow `snyk test` of basic projects for each language/ecosystem run `snyk test` on a nuget project using v2 dotnet runtime resolution logic for nuget-app-7-windows" name="user journey typescript workflow `snyk test` of basic projects for each language/ecosystem run `snyk test` on a nuget project using v2 dotnet runtime resolution logic for nuget-app-7-windows" time="0">
      <skipped/>
    </testcase>
    <testcase classname="user journey typescript workflow `snyk test` of basic projects for each language/ecosystem run `snyk test` on a nuget project using v2 dotnet runtime resolution logic for nuget-app-netstandard20" name="user journey typescript workflow `snyk test` of basic projects for each language/ecosystem run `snyk test` on a nuget project using v2 dotnet runtime resolution logic for nuget-app-netstandard20" time="0">
      <skipped/>
    </testcase>
    <testcase classname="user journey typescript workflow `snyk test` of basic projects for each language/ecosystem run `snyk test` on a nuget project using v2 dotnet runtime resolution logic for nuget-app-8-with-azure-functions" name="user journey typescript workflow `snyk test` of basic projects for each language/ecosystem run `snyk test` on a nuget project using v2 dotnet runtime resolution logic for nuget-app-8-with-azure-functions" time="0">
      <skipped/>
    </testcase>
    <testcase classname="user journey typescript workflow `snyk test` of basic projects for each language/ecosystem run `snyk test` on a nuget project using v2 dotnet runtime resolution logic for nuget-app-8-with-multi-project and spaces" name="user journey typescript workflow `snyk test` of basic projects for each language/ecosystem run `snyk test` on a nuget project using v2 dotnet runtime resolution logic for nuget-app-8-with-multi-project and spaces" time="0">
      <skipped/>
    </testcase>
    <testcase classname="user journey typescript workflow `snyk test` of basic projects for each language/ecosystem run `snyk test` on a nuget project using v2 dotnet runtime resolution logic for nuget-app-9-globaljson" name="user journey typescript workflow `snyk test` of basic projects for each language/ecosystem run `snyk test` on a nuget project using v2 dotnet runtime resolution logic for nuget-app-9-globaljson" time="0">
      <skipped/>
    </testcase>
    <testcase classname="user journey typescript workflow `snyk test` of basic projects for each language/ecosystem run `snyk test` on a .net framework project using v3 dotnet runtime resolution logic" name="user journey typescript workflow `snyk test` of basic projects for each language/ecosystem run `snyk test` on a .net framework project using v3 dotnet runtime resolution logic" time="0">
      <skipped/>
    </testcase>
    <testcase classname="user journey typescript workflow `snyk test` of basic projects for each language/ecosystem run `snyk test` on a .net 8 project with pinned dependencies using v3 dotnet runtime resolution logic" name="user journey typescript workflow `snyk test` of basic projects for each language/ecosystem run `snyk test` on a .net 8 project with pinned dependencies using v3 dotnet runtime resolution logic" time="0">
      <skipped/>
    </testcase>
    <testcase classname="user journey typescript workflow `snyk test` of basic projects for each language/ecosystem run `snyk test` on a .net core 3.1 web project using v3 dotnet runtime resolution logic" name="user journey typescript workflow `snyk test` of basic projects for each language/ecosystem run `snyk test` on a .net core 3.1 web project using v3 dotnet runtime resolution logic" time="0">
      <skipped/>
    </testcase>
    <testcase classname="user journey typescript workflow `snyk test` of basic projects for each language/ecosystem run `snyk test` on a nuget project using v2 dotnet runtime resolution logic with a custom output path" name="user journey typescript workflow `snyk test` of basic projects for each language/ecosystem run `snyk test` on a nuget project using v2 dotnet runtime resolution logic with a custom output path" time="0">
      <skipped/>
    </testcase>
    <testcase classname="user journey typescript workflow `snyk test` of basic projects for each language/ecosystem run `snyk test` on a nuget project using v2 dotnet runtime resolution logic with explicit target framework net6.0" name="user journey typescript workflow `snyk test` of basic projects for each language/ecosystem run `snyk test` on a nuget project using v2 dotnet runtime resolution logic with explicit target framework net6.0" time="0">
      <skipped/>
    </testcase>
    <testcase classname="user journey typescript workflow `snyk test` of basic projects for each language/ecosystem run `snyk test` on a nuget project using v2 dotnet runtime resolution logic with explicit target framework net7.0" name="user journey typescript workflow `snyk test` of basic projects for each language/ecosystem run `snyk test` on a nuget project using v2 dotnet runtime resolution logic with explicit target framework net7.0" time="0">
      <skipped/>
    </testcase>
    <testcase classname="user journey typescript workflow `snyk test` of basic projects for each language/ecosystem run `snyk test` on a nuget project using v2 dotnet runtime resolution logic with explicit target framework net8.0" name="user journey typescript workflow `snyk test` of basic projects for each language/ecosystem run `snyk test` on a nuget project using v2 dotnet runtime resolution logic with explicit target framework net8.0" time="0">
      <skipped/>
    </testcase>
    <testcase classname="user journey typescript workflow `snyk test` of basic projects for each language/ecosystem run `snyk test` on a nuget project using v2 dotnet runtime resolution logic with explicit target framework undefined" name="user journey typescript workflow `snyk test` of basic projects for each language/ecosystem run `snyk test` on a nuget project using v2 dotnet runtime resolution logic with explicit target framework undefined" time="0">
      <skipped/>
    </testcase>
    <testcase classname="user journey typescript workflow `snyk test` of basic projects for each language/ecosystem run `snyk test` on an unmanaged project" name="user journey typescript workflow `snyk test` of basic projects for each language/ecosystem run `snyk test` on an unmanaged project" time="0">
      <skipped/>
    </testcase>
    <testcase classname="user journey typescript workflow `snyk test` of basic projects for each language/ecosystem run `snyk test` on an unmanaged project with a org-slug" name="user journey typescript workflow `snyk test` of basic projects for each language/ecosystem run `snyk test` on an unmanaged project with a org-slug" time="0">
      <skipped/>
    </testcase>
    <testcase classname="user journey typescript workflow `snyk test` of basic projects for each language/ecosystem run `snyk test` on an unmanaged project with purls" name="user journey typescript workflow `snyk test` of basic projects for each language/ecosystem run `snyk test` on an unmanaged project with purls" time="0">
      <skipped/>
    </testcase>
    <testcase classname="user journey typescript workflow `snyk test` of basic projects for each language/ecosystem run `snyk test --json` on an unmanaged project with purls" name="user journey typescript workflow `snyk test` of basic projects for each language/ecosystem run `snyk test --json` on an unmanaged project with purls" time="0">
      <skipped/>
    </testcase>
    <testcase classname="user journey typescript workflow `snyk test` of basic projects for each language/ecosystem run `snyk test` on a hex project" name="user journey typescript workflow `snyk test` of basic projects for each language/ecosystem run `snyk test` on a hex project" time="0">
      <skipped/>
    </testcase>
    <testcase classname="user journey typescript workflow `snyk test` of basic projects for each language/ecosystem run `snyk test` on a composer project" name="user journey typescript workflow `snyk test` of basic projects for each language/ecosystem run `snyk test` on a composer project" time="0">
      <skipped/>
    </testcase>
    <testcase classname="user journey typescript workflow `snyk test` of basic projects for each language/ecosystem run `snyk test` on a sbt project" name="user journey typescript workflow `snyk test` of basic projects for each language/ecosystem run `snyk test` on a sbt project" time="0">
      <skipped/>
    </testcase>
    <testcase classname="user journey typescript workflow `snyk test` of basic projects for each language/ecosystem run `snyk test` on a pnpm project" name="user journey typescript workflow `snyk test` of basic projects for each language/ecosystem run `snyk test` on a pnpm project" time="0">
      <skipped/>
    </testcase>
    <testcase classname="user journey typescript workflow `snyk test` of basic projects for each language/ecosystem run `snyk test` on an npm project with lockfile" name="user journey typescript workflow `snyk test` of basic projects for each language/ecosystem run `snyk test` on an npm project with lockfile" time="0">
      <skipped/>
    </testcase>
    <testcase classname="user journey typescript workflow `snyk test` of basic projects for each language/ecosystem run `snyk test` on a pnpm project without `enablePnpmCli` feature flag enabled" name="user journey typescript workflow `snyk test` of basic projects for each language/ecosystem run `snyk test` on a pnpm project without `enablePnpmCli` feature flag enabled" time="0">
      <skipped/>
    </testcase>
    <testcase classname="user journey typescript workflow `snyk test` of basic projects for each language/ecosystem run `snyk test` on a pnpm project with `enablePnpmCli` feature flag enabled" name="user journey typescript workflow `snyk test` of basic projects for each language/ecosystem run `snyk test` on a pnpm project with `enablePnpmCli` feature flag enabled" time="0">
      <skipped/>
    </testcase>
    <testcase classname="user journey typescript workflow `snyk test` of basic projects for each language/ecosystem run `snyk test` on an out of sync pnpm project with --strict-out-of-sync=false" name="user journey typescript workflow `snyk test` of basic projects for each language/ecosystem run `snyk test` on an out of sync pnpm project with --strict-out-of-sync=false" time="0">
      <skipped/>
    </testcase>
    <testcase classname="user journey typescript workflow `snyk test` of basic projects for each language/ecosystem run `snyk test` on an out of sync pnpm project without out of sync option" name="user journey typescript workflow `snyk test` of basic projects for each language/ecosystem run `snyk test` on an out of sync pnpm project without out of sync option" time="0">
      <skipped/>
    </testcase>
  </testsuite>
  <testsuite name="fix Pipfile Python projects" errors="0" failures="0" skipped="10" timestamp="2026-01-22T15:22:49" time="0.031" tests="10">
    <testcase classname="fix Pipfile Python projects shows expected changes with lockfile in --dry-run mode" name="fix Pipfile Python projects shows expected changes with lockfile in --dry-run mode" time="0">
      <skipped/>
    </testcase>
    <testcase classname="fix Pipfile Python projects applies expected changes to Pipfile when locking fails" name="fix Pipfile Python projects applies expected changes to Pipfile when locking fails" time="0">
      <skipped/>
    </testcase>
    <testcase classname="fix Pipfile Python projects applies expected changes to Pipfile when install fails" name="fix Pipfile Python projects applies expected changes to Pipfile when install fails" time="0">
      <skipped/>
    </testcase>
    <testcase classname="fix Pipfile Python projects applies expected changes to Pipfile (100% success)" name="fix Pipfile Python projects applies expected changes to Pipfile (100% success)" time="0">
      <skipped/>
    </testcase>
    <testcase classname="fix Pipfile Python projects passes down custom --python if the project was tested with this (--command) from CLI" name="fix Pipfile Python projects passes down custom --python if the project was tested with this (--command) from CLI" time="0">
      <skipped/>
    </testcase>
    <testcase classname="fix Pipfile Python projects (fix sequentially) shows expected changes with lockfile in --dry-run mode" name="fix Pipfile Python projects (fix sequentially) shows expected changes with lockfile in --dry-run mode" time="0">
      <skipped/>
    </testcase>
    <testcase classname="fix Pipfile Python projects (fix sequentially) applies expected changes to Pipfile when locking fails" name="fix Pipfile Python projects (fix sequentially) applies expected changes to Pipfile when locking fails" time="0">
      <skipped/>
    </testcase>
    <testcase classname="fix Pipfile Python projects (fix sequentially) applies expected changes to Pipfile when install fails" name="fix Pipfile Python projects (fix sequentially) applies expected changes to Pipfile when install fails" time="0">
      <skipped/>
    </testcase>
    <testcase classname="fix Pipfile Python projects (fix sequentially) applies expected changes to Pipfile (100% success)" name="fix Pipfile Python projects (fix sequentially) applies expected changes to Pipfile (100% success)" time="0">
      <skipped/>
    </testcase>
    <testcase classname="fix Pipfile Python projects (fix sequentially) passes down custom --python if the project was tested with this (--command) from CLI" name="fix Pipfile Python projects (fix sequentially) passes down custom --python if the project was tested with this (--command) from CLI" time="0">
      <skipped/>
    </testcase>
  </testsuite>
  <testsuite name="analytics module" errors="0" failures="0" skipped="12" timestamp="2026-01-22T15:22:49" time="0.035" tests="12">
    <testcase classname="analytics module sends analytics for `snyk test` with no vulns found" name="analytics module sends analytics for `snyk test` with no vulns found" time="0">
      <skipped/>
    </testcase>
    <testcase classname="analytics module sends analytics for `snyk test` with vulns found" name="analytics module sends analytics for `snyk test` with vulns found" time="0">
      <skipped/>
    </testcase>
    <testcase classname="analytics module sends correct analytics data a bad command" name="analytics module sends correct analytics data a bad command" time="0">
      <skipped/>
    </testcase>
    <testcase classname="analytics module sends correct analytics with error-details containing 403 error body" name="analytics module sends correct analytics with error-details containing 403 error body" time="0">
      <skipped/>
    </testcase>
    <testcase classname="analytics module sends analytics data a bad command" name="analytics module sends analytics data a bad command" time="0">
      <skipped/>
    </testcase>
    <testcase classname="analytics module sends analytics data with basic check only" name="analytics module sends analytics data with basic check only" time="0">
      <skipped/>
    </testcase>
    <testcase classname="analytics module uses OAUTH token if set" name="analytics module uses OAUTH token if set" time="0">
      <skipped/>
    </testcase>
    <testcase classname="analytics module won&apos;t send analytics if disable analytics is set via SNYK_DISABLE_ANALYTICS" name="analytics module won&apos;t send analytics if disable analytics is set via SNYK_DISABLE_ANALYTICS" time="0">
      <skipped/>
    </testcase>
    <testcase classname="analytics module won&apos;t send analytics if disable analytics is set via SNYK_CFG_DISABLE_ANALYTICS" name="analytics module won&apos;t send analytics if disable analytics is set via SNYK_CFG_DISABLE_ANALYTICS" time="0">
      <skipped/>
    </testcase>
    <testcase classname="analytics module won&apos;t send analytics if disable analytics is set via config and disable-analytics" name="analytics module won&apos;t send analytics if disable analytics is set via config and disable-analytics" time="0">
      <skipped/>
    </testcase>
    <testcase classname="analytics module won&apos;t send analytics if disable analytics is set via --DISABLE_ANALYTICS" name="analytics module won&apos;t send analytics if disable analytics is set via --DISABLE_ANALYTICS" time="0">
      <skipped/>
    </testcase>
    <testcase classname="analytics module if analytics are disabled with --DISABLE_ANALYTICS, SNYK_DISABLE_ANALYTICS will be set to 1" name="analytics module if analytics are disabled with --DISABLE_ANALYTICS, SNYK_DISABLE_ANALYTICS will be set to 1" time="0">
      <skipped/>
    </testcase>
  </testsuite>
  <testsuite name="snyk test --all-projects (mocked server only)" errors="0" failures="0" skipped="17" timestamp="2026-01-22T15:22:49" time="0.034" tests="17">
    <testcase classname="snyk test --all-projects (mocked server only) `test yarn-out-of-sync` skips the out of sync project and scans the rest" name="snyk test --all-projects (mocked server only) `test yarn-out-of-sync` skips the out of sync project and scans the rest" time="0">
      <skipped/>
    </testcase>
    <testcase classname="snyk test --all-projects (mocked server only) `test yarn-out-of-sync` with --fail-fast errors the whole scan" name="snyk test --all-projects (mocked server only) `test yarn-out-of-sync` with --fail-fast errors the whole scan" time="0">
      <skipped/>
    </testcase>
    <testcase classname="snyk test --all-projects (mocked server only) `test yarn-out-of-sync` with --fail-fast and --json errors the whole scan" name="snyk test --all-projects (mocked server only) `test yarn-out-of-sync` with --fail-fast and --json errors the whole scan" time="0">
      <skipped/>
    </testcase>
    <testcase classname="snyk test --all-projects (mocked server only) `test yarn-out-of-sync` --strict-out-of-sync=false scans all the workspace projects" name="snyk test --all-projects (mocked server only) `test yarn-out-of-sync` --strict-out-of-sync=false scans all the workspace projects" time="0">
      <skipped/>
    </testcase>
    <testcase classname="snyk test --all-projects (mocked server only) `test ruby-app --all-projects`" name="snyk test --all-projects (mocked server only) `test ruby-app --all-projects`" time="0">
      <skipped/>
    </testcase>
    <testcase classname="snyk test --all-projects (mocked server only) `test ruby-app-thresholds --all-projects --ignore-policy`" name="snyk test --all-projects (mocked server only) `test ruby-app-thresholds --all-projects --ignore-policy`" time="0">
      <skipped/>
    </testcase>
    <testcase classname="snyk test --all-projects (mocked server only) `test mono-repo-with-ignores --all-projects` respects .snyk policy" name="snyk test --all-projects (mocked server only) `test mono-repo-with-ignores --all-projects` respects .snyk policy" time="0">
      <skipped/>
    </testcase>
    <testcase classname="snyk test --all-projects (mocked server only) `test empty --all-projects`" name="snyk test --all-projects (mocked server only) `test empty --all-projects`" time="0">
      <skipped/>
    </testcase>
    <testcase classname="snyk test --all-projects (mocked server only) `test composer-app --all-projects`" name="snyk test --all-projects (mocked server only) `test composer-app --all-projects`" time="0">
      <skipped/>
    </testcase>
    <testcase classname="snyk test --all-projects (mocked server only) `test npm NX Build Platform --all-projects --print-graph --json --fail-fast`" name="snyk test --all-projects (mocked server only) `test npm NX Build Platform --all-projects --print-graph --json --fail-fast`" time="0">
      <skipped/>
    </testcase>
    <testcase classname="snyk test --all-projects (mocked server only) `test node workspaces --all-projects`" name="snyk test --all-projects (mocked server only) `test node workspaces --all-projects`" time="0">
      <skipped/>
    </testcase>
    <testcase classname="snyk test --all-projects (mocked server only) `test node workspaces --all-projects with `enablePnpmCli` feature flag`" name="snyk test --all-projects (mocked server only) `test node workspaces --all-projects with `enablePnpmCli` feature flag`" time="0">
      <skipped/>
    </testcase>
    <testcase classname="snyk test --all-projects (mocked server only) `test one project with an invalid manifest file displays error details`" name="snyk test --all-projects (mocked server only) `test one project with an invalid manifest file displays error details`" time="0">
      <skipped/>
    </testcase>
    <testcase classname="snyk test --all-projects (mocked server only) `test multiple projects with different invalid manifest files displays specific error details`" name="snyk test --all-projects (mocked server only) `test multiple projects with different invalid manifest files displays specific error details`" time="0">
      <skipped/>
    </testcase>
    <testcase classname="snyk test --all-projects (mocked server only) `test pnpm-workspace --all-projects --exclude=shared` excludes specified directory" name="snyk test --all-projects (mocked server only) `test pnpm-workspace --all-projects --exclude=shared` excludes specified directory" time="0">
      <skipped/>
    </testcase>
    <testcase classname="snyk test --all-projects (mocked server only) `test pnpm-workspace --all-projects --exclude=shared --detection-depth=2` excludes specified directory" name="snyk test --all-projects (mocked server only) `test pnpm-workspace --all-projects --exclude=shared --detection-depth=2` excludes specified directory" time="0">
      <skipped/>
    </testcase>
    <testcase classname="snyk test --all-projects (mocked server only) `test pnpm-workspace --all-projects` scans all workspace projects" name="snyk test --all-projects (mocked server only) `test pnpm-workspace --all-projects` scans all workspace projects" time="0">
      <skipped/>
    </testcase>
  </testsuite>
  <testsuite name="@snyk/protect" errors="0" failures="0" skipped="13" timestamp="2026-01-22T15:22:49" time="0.301" tests="13">
    <testcase classname="@snyk/protect applies patch(es) works for project with a single patchable module" name="@snyk/protect applies patch(es) works for project with a single patchable module" time="0">
      <skipped/>
    </testcase>
    <testcase classname="@snyk/protect applies patch(es) works for project with multiple patchable modules" name="@snyk/protect applies patch(es) works for project with multiple patchable modules" time="0">
      <skipped/>
    </testcase>
    <testcase classname="@snyk/protect applies patch(es) works when the vulnId in a .snyk file is quoted" name="@snyk/protect applies patch(es) works when the vulnId in a .snyk file is quoted" time="0">
      <skipped/>
    </testcase>
    <testcase classname="@snyk/protect does not apply any patches and does not fail for project with no modules with the target package name" name="@snyk/protect does not apply any patches and does not fail for project with no modules with the target package name" time="0">
      <skipped/>
    </testcase>
    <testcase classname="@snyk/protect does not apply any patches and does not fail for project with no .snyk file" name="@snyk/protect does not apply any patches and does not fail for project with no .snyk file" time="0">
      <skipped/>
    </testcase>
    <testcase classname="@snyk/protect does not send analytics if analytics is disabled via snyk.json file when disable-analytics equals &quot;1&quot; (as a string)" name="@snyk/protect does not send analytics if analytics is disabled via snyk.json file when disable-analytics equals &quot;1&quot; (as a string)" time="0">
      <skipped/>
    </testcase>
    <testcase classname="@snyk/protect does not send analytics if analytics is disabled via snyk.json file when disable-analytics equals 1 (as a number)" name="@snyk/protect does not send analytics if analytics is disabled via snyk.json file when disable-analytics equals 1 (as a number)" time="0">
      <skipped/>
    </testcase>
    <testcase classname="@snyk/protect does not send analytics if analytics is disabled via SNYK_DISABLE_ANALYTICS env var when SNYK_DISABLE_ANALYTICS is &quot;true&quot;" name="@snyk/protect does not send analytics if analytics is disabled via SNYK_DISABLE_ANALYTICS env var when SNYK_DISABLE_ANALYTICS is &quot;true&quot;" time="0">
      <skipped/>
    </testcase>
    <testcase classname="@snyk/protect does not send analytics if analytics is disabled via SNYK_DISABLE_ANALYTICS env var when SNYK_DISABLE_ANALYTICS is &quot;1&quot;" name="@snyk/protect does not send analytics if analytics is disabled via SNYK_DISABLE_ANALYTICS env var when SNYK_DISABLE_ANALYTICS is &quot;1&quot;" time="0">
      <skipped/>
    </testcase>
    <testcase classname="@snyk/protect outputs correct help documentation when called with --help" name="@snyk/protect outputs correct help documentation when called with --help" time="0">
      <skipped/>
    </testcase>
    <testcase classname="@snyk/protect outputs correct version when called with --version" name="@snyk/protect outputs correct version when called with --version" time="0">
      <skipped/>
    </testcase>
    <testcase classname="@snyk/protect does not attempt to apply patch if a flag file exists indicating the file has already been patched with `.orig` file from the old protect" name="@snyk/protect does not attempt to apply patch if a flag file exists indicating the file has already been patched with `.orig` file from the old protect" time="0">
      <skipped/>
    </testcase>
    <testcase classname="@snyk/protect does not attempt to apply patch if a flag file exists indicating the file has already been patched with `.snyk-protect.flag` file from the new protect" name="@snyk/protect does not attempt to apply patch if a flag file exists indicating the file has already been patched with `.snyk-protect.flag` file from the new protect" time="0">
      <skipped/>
    </testcase>
  </testsuite>
  <testsuite name="Proxy configuration behavior" errors="0" failures="0" skipped="9" timestamp="2026-01-22T15:22:50" time="0.169" tests="9">
    <testcase classname="Proxy configuration behavior *_PROXY against HTTPS host tries to connect to the HTTPS_PROXY when HTTPS_PROXY is set" name="Proxy configuration behavior *_PROXY against HTTPS host tries to connect to the HTTPS_PROXY when HTTPS_PROXY is set" time="0">
      <skipped/>
    </testcase>
    <testcase classname="Proxy configuration behavior *_PROXY against HTTPS host uses NO_PROXY to avoid connecting to the HTTPS_PROXY that is set" name="Proxy configuration behavior *_PROXY against HTTPS host uses NO_PROXY to avoid connecting to the HTTPS_PROXY that is set" time="0">
      <skipped/>
    </testcase>
    <testcase classname="Proxy configuration behavior *_PROXY against HTTPS host does not try to connect to the HTTP_PROXY when it is set" name="Proxy configuration behavior *_PROXY against HTTPS host does not try to connect to the HTTP_PROXY when it is set" time="0">
      <skipped/>
    </testcase>
    <testcase classname="Proxy configuration behavior *_PROXY against HTTP host tries to connect to the HTTP_PROXY when HTTP_PROXY is set" name="Proxy configuration behavior *_PROXY against HTTP host tries to connect to the HTTP_PROXY when HTTP_PROXY is set" time="0">
      <skipped/>
    </testcase>
    <testcase classname="Proxy Authentication (all platforms) fails to run snyk test due to disabled proxy authentication" name="Proxy Authentication (all platforms) fails to run snyk test due to disabled proxy authentication" time="0">
      <skipped/>
    </testcase>
    <testcase classname="Proxy Authentication (all platforms) successfully runs snyk test with proxy (AnyAuth)" name="Proxy Authentication (all platforms) successfully runs snyk test with proxy (AnyAuth)" time="0">
      <skipped/>
    </testcase>
    <testcase classname="Proxy Authentication (all platforms) successfully runs snyk test with proxy (Basic)" name="Proxy Authentication (all platforms) successfully runs snyk test with proxy (Basic)" time="0">
      <skipped/>
    </testcase>
    <testcase classname="Proxy Authentication (Non-Windows) fail to run snyk test with proxy due to incorrect cache configuration" name="Proxy Authentication (Non-Windows) fail to run snyk test with proxy due to incorrect cache configuration" time="0">
      <skipped/>
    </testcase>
    <testcase classname="Proxy Authentication (Non-Windows) fail to run snyk test with proxy due to incorrect config file" name="Proxy Authentication (Non-Windows) fail to run snyk test with proxy due to incorrect config file" time="0">
      <skipped/>
    </testcase>
  </testsuite>
  <testsuite name="snyk ignore" errors="0" failures="0" skipped="12" timestamp="2026-01-22T15:22:50" time="0.051" tests="12">
    <testcase classname="snyk ignore creates a policy file with exclude, using default group" name="snyk ignore creates a policy file with exclude, using default group" time="0">
      <skipped/>
    </testcase>
    <testcase classname="snyk ignore add multiple uniq patterns to the same group" name="snyk ignore add multiple uniq patterns to the same group" time="0">
      <skipped/>
    </testcase>
    <testcase classname="snyk ignore create a policy file with exclude, using custom group" name="snyk ignore create a policy file with exclude, using custom group" time="0">
      <skipped/>
    </testcase>
    <testcase classname="snyk ignore update a policy file with exclude, using different groups" name="snyk ignore update a policy file with exclude, using different groups" time="0">
      <skipped/>
    </testcase>
    <testcase classname="snyk ignore write a policy file for exclude by providing group, expiry and reason" name="snyk ignore write a policy file for exclude by providing group, expiry and reason" time="0">
      <skipped/>
    </testcase>
    <testcase classname="snyk ignore updates a policy file for exclude by providing group, expiry and reason" name="snyk ignore updates a policy file for exclude by providing group, expiry and reason" time="0">
      <skipped/>
    </testcase>
    <testcase classname="snyk ignore creates a policy file using minimal options" name="snyk ignore creates a policy file using minimal options" time="0">
      <skipped/>
    </testcase>
    <testcase classname="snyk ignore creates a policy file using provided options" name="snyk ignore creates a policy file using provided options" time="0">
      <skipped/>
    </testcase>
    <testcase classname="snyk ignore correctly creates ignore rules for multiple paths" name="snyk ignore correctly creates ignore rules for multiple paths" time="0">
      <skipped/>
    </testcase>
    <testcase classname="snyk ignore correctly updates an ignore rule when given an existing resource paths" name="snyk ignore correctly updates an ignore rule when given an existing resource paths" time="0">
      <skipped/>
    </testcase>
    <testcase classname="snyk ignore fails on missing ID" name="snyk ignore fails on missing ID" time="0">
      <skipped/>
    </testcase>
    <testcase classname="snyk ignore errors when user is not authorized to ignore" name="snyk ignore errors when user is not authorized to ignore" time="0">
      <skipped/>
    </testcase>
  </testsuite>
  <testsuite name="snyk aibom (mocked servers only)" errors="0" failures="0" skipped="10" timestamp="2026-01-22T15:22:50" time="0.039" tests="10">
    <testcase classname="snyk aibom (mocked servers only) `aibom` generates an AI-BOM CycloneDX with components" name="snyk aibom (mocked servers only) `aibom` generates an AI-BOM CycloneDX with components" time="0">
      <skipped/>
    </testcase>
    <testcase classname="snyk aibom (mocked servers only) `aibom` uses upload endpoint if --upload flag is set" name="snyk aibom (mocked servers only) `aibom` uses upload endpoint if --upload flag is set" time="0">
      <skipped/>
    </testcase>
    <testcase classname="snyk aibom (mocked servers only) `aibom` fails if api is unavailable" name="snyk aibom (mocked servers only) `aibom` fails if api is unavailable" time="0">
      <skipped/>
    </testcase>
    <testcase classname="snyk aibom (mocked servers only) `aibom` adds the depgraph to the bundle" name="snyk aibom (mocked servers only) `aibom` adds the depgraph to the bundle" time="0">
      <skipped/>
    </testcase>
    <testcase classname="snyk aibom (mocked servers only) `aibom` generates an AI-BOM CycloneDX in the HTML format" name="snyk aibom (mocked servers only) `aibom` generates an AI-BOM CycloneDX in the HTML format" time="0">
      <skipped/>
    </testcase>
    <testcase classname="snyk aibom (mocked servers only) aibom error handling handles a missing experimental flag" name="snyk aibom (mocked servers only) aibom error handling handles a missing experimental flag" time="0">
      <skipped/>
    </testcase>
    <testcase classname="snyk aibom (mocked servers only) aibom error handling handles unauthenticated" name="snyk aibom (mocked servers only) aibom error handling handles unauthenticated" time="0">
      <skipped/>
    </testcase>
    <testcase classname="snyk aibom (mocked servers only) aibom error handling handles org has no access" name="snyk aibom (mocked servers only) aibom error handling handles org has no access" time="0">
      <skipped/>
    </testcase>
    <testcase classname="snyk aibom (mocked servers only) aibom error handling handles an unsupported project" name="snyk aibom (mocked servers only) aibom error handling handles an unsupported project" time="0">
      <skipped/>
    </testcase>
    <testcase classname="snyk aibom (mocked servers only) aibom error handling handles no SNYK_TOKEN" name="snyk aibom (mocked servers only) aibom error handling handles no SNYK_TOKEN" time="0">
      <skipped/>
    </testcase>
  </testsuite>
[...]
  </testsuite>
  <testsuite name="cli env" errors="0" failures="0" skipped="1" timestamp="2026-01-22T15:22:54" time="0.018" tests="1">
    <testcase classname="cli env should run the command with the correct env" name="cli env should run the command with the correct env" time="0">
      <skipped/>
    </testcase>
  </testsuite>
  <testsuite name="user journey" errors="0" failures="0" skipped="61" timestamp="2026-01-22T15:22:54" time="4.275" tests="67">
    <testcase classname="user journey typescript workflow cli args delimiting args should pass expected args to the command as expected" name="user journey typescript workflow cli args delimiting args should pass expected args to the command as expected" time="0">
      <skipped/>
    </testcase>
    <testcase classname="user journey typescript workflow cli args snyk test command should fail when --file is not specified correctly" name="user journey typescript workflow cli args snyk test command should fail when --file is not specified correctly" time="0">
      <skipped/>
    </testcase>
    <testcase classname="user journey typescript workflow cli args snyk version command should show cli version" name="user journey typescript workflow cli args snyk version command should show cli version" time="0">
      <skipped/>
    </testcase>
    <testcase classname="user journey typescript workflow cli args snyk test command should fail when --packageManager is not specified correctly" name="user journey typescript workflow cli args snyk test command should fail when --packageManager is not specified correctly" time="0">
      <skipped/>
    </testcase>
    <testcase classname="user journey typescript workflow cli args snyk test command should fail when iac --file is specified" name="user journey typescript workflow cli args snyk test command should fail when iac --file is specified" time="0">
      <skipped/>
    </testcase>
    <testcase classname="user journey typescript workflow cli args snyk test multiple paths with --project-name=NAME" name="user journey typescript workflow cli args snyk test multiple paths with --project-name=NAME" time="0">
      <skipped/>
    </testcase>
    <testcase classname="user journey typescript workflow cli args snyk test --file=file.sln --project-name=NAME" name="user journey typescript workflow cli args snyk test --file=file.sln --project-name=NAME" time="0">
      <skipped/>
    </testcase>
    <testcase classname="user journey typescript workflow cli args snyk test --file=blah --scan-all-unmanaged" name="user journey typescript workflow cli args snyk test --file=blah --scan-all-unmanaged" time="0">
      <skipped/>
    </testcase>
    <testcase classname="user journey typescript workflow cli args snyk test --maven-aggregate-project --project-name=blah" name="user journey typescript workflow cli args snyk test --maven-aggregate-project --project-name=blah" time="0">
      <skipped/>
    </testcase>
    <testcase classname="user journey typescript workflow cli args test using --file and --yarn-workspaces displays error message" name="user journey typescript workflow cli args test using --file and --yarn-workspaces displays error message" time="0">
      <skipped/>
    </testcase>
    <testcase classname="user journey typescript workflow cli args monitor using --file and --yarn-workspaces displays error message" name="user journey typescript workflow cli args monitor using --file and --yarn-workspaces displays error message" time="0">
      <skipped/>
    </testcase>
    <testcase classname="user journey typescript workflow cli args test using --package-manager and --yarn-workspaces displays error message" name="user journey typescript workflow cli args test using --package-manager and --yarn-workspaces displays error message" time="0">
      <skipped/>
    </testcase>
    <testcase classname="user journey typescript workflow cli args monitor using --package-manager and --yarn-workspaces displays error message" name="user journey typescript workflow cli args monitor using --package-manager and --yarn-workspaces displays error message" time="0">
      <skipped/>
    </testcase>
    <testcase classname="user journey typescript workflow cli args test using --project-name and --yarn-workspaces displays error message" name="user journey typescript workflow cli args test using --project-name and --yarn-workspaces displays error message" time="0">
      <skipped/>
    </testcase>
    <testcase classname="user journey typescript workflow cli args monitor using --project-name and --yarn-workspaces displays error message" name="user journey typescript workflow cli args monitor using --project-name and --yarn-workspaces displays error message" time="0">
      <skipped/>
    </testcase>
    <testcase classname="user journey typescript workflow cli args test using --docker and --yarn-workspaces displays error message" name="user journey typescript workflow cli args test using --docker and --yarn-workspaces displays error message" time="0">
      <skipped/>
    </testcase>
    <testcase classname="user journey typescript workflow cli args monitor using --docker and --yarn-workspaces displays error message" name="user journey typescript workflow cli args monitor using --docker and --yarn-workspaces displays error message" time="0">
      <skipped/>
    </testcase>
    <testcase classname="user journey typescript workflow cli args test using --all-sub-projects and --yarn-workspaces displays error message" name="user journey typescript workflow cli args test using --all-sub-projects and --yarn-workspaces displays error message" time="0">
      <skipped/>
    </testcase>
    <testcase classname="user journey typescript workflow cli args monitor using --all-sub-projects and --yarn-workspaces displays error message" name="user journey typescript workflow cli args monitor using --all-sub-projects and --yarn-workspaces displays error message" time="0">
      <skipped/>
    </testcase>
    <testcase classname="user journey typescript workflow cli args test using --file and --all-projects displays error message" name="user journey typescript workflow cli args test using --file and --all-projects displays error message" time="0">
      <skipped/>
    </testcase>
    <testcase classname="user journey typescript workflow cli args monitor using --file and --all-projects displays error message" name="user journey typescript workflow cli args monitor using --file and --all-projects displays error message" time="0">
      <skipped/>
    </testcase>
    <testcase classname="user journey typescript workflow cli args test using --package-manager and --all-projects displays error message" name="user journey typescript workflow cli args test using --package-manager and --all-projects displays error message" time="0">
      <skipped/>
    </testcase>
    <testcase classname="user journey typescript workflow cli args monitor using --package-manager and --all-projects displays error message" name="user journey typescript workflow cli args monitor using --package-manager and --all-projects displays error message" time="0">
      <skipped/>
    </testcase>
    <testcase classname="user journey typescript workflow cli args test using --project-name and --all-projects displays error message" name="user journey typescript workflow cli args test using --project-name and --all-projects displays error message" time="0">
      <skipped/>
    </testcase>
    <testcase classname="user journey typescript workflow cli args monitor using --project-name and --all-projects displays error message" name="user journey typescript workflow cli args monitor using --project-name and --all-projects displays error message" time="0">
      <skipped/>
    </testcase>
    <testcase classname="user journey typescript workflow cli args test using --docker and --all-projects displays error message" name="user journey typescript workflow cli args test using --docker and --all-projects displays error message" time="0">
      <skipped/>
    </testcase>
    <testcase classname="user journey typescript workflow cli args monitor using --docker and --all-projects displays error message" name="user journey typescript workflow cli args monitor using --docker and --all-projects displays error message" time="0">
      <skipped/>
    </testcase>
    <testcase classname="user journey typescript workflow cli args test using --all-sub-projects and --all-projects displays error message" name="user journey typescript workflow cli args test using --all-sub-projects and --all-projects displays error message" time="0">
      <skipped/>
    </testcase>
    <testcase classname="user journey typescript workflow cli args monitor using --all-sub-projects and --all-projects displays error message" name="user journey typescript workflow cli args monitor using --all-sub-projects and --all-projects displays error message" time="0">
      <skipped/>
    </testcase>
    <testcase classname="user journey typescript workflow cli args test using --yarn-workspaces and --all-projects displays error message" name="user journey typescript workflow cli args test using --yarn-workspaces and --all-projects displays error message" time="0">
      <skipped/>
    </testcase>
    <testcase classname="user journey typescript workflow cli args monitor using --yarn-workspaces and --all-projects displays error message" name="user journey typescript workflow cli args monitor using --yarn-workspaces and --all-projects displays error message" time="0">
      <skipped/>
    </testcase>
    <testcase classname="user journey typescript workflow cli args snyk test --exclude without --all-project displays error message" name="user journey typescript workflow cli args snyk test --exclude without --all-project displays error message" time="0">
      <skipped/>
    </testcase>
    <testcase classname="user journey typescript workflow cli args snyk test --exclude without any value displays error message" name="user journey typescript workflow cli args snyk test --exclude without any value displays error message" time="0">
      <skipped/>
    </testcase>
    <testcase classname="user journey typescript workflow cli args snyk test --exclude=path/to/dir displays error message" name="user journey typescript workflow cli args snyk test --exclude=path/to/dir displays error message" time="0">
      <skipped/>
    </testcase>
    <testcase classname="user journey typescript workflow cli args config not allowed with --json-file-output" name="user journey typescript workflow cli args config not allowed with --json-file-output" time="0">
      <skipped/>
    </testcase>
    <testcase classname="user journey typescript workflow cli args ignore not allowed with --json-file-output" name="user journey typescript workflow cli args ignore not allowed with --json-file-output" time="0">
      <skipped/>
    </testcase>
    <testcase classname="user journey typescript workflow cli args modules not allowed with --json-file-output" name="user journey typescript workflow cli args modules not allowed with --json-file-output" time="0">
      <skipped/>
    </testcase>
    <testcase classname="user journey typescript workflow cli args monitor not allowed with --json-file-output" name="user journey typescript workflow cli args monitor not allowed with --json-file-output" time="0">
      <skipped/>
    </testcase>
    <testcase classname="user journey typescript workflow cli args policy not allowed with --json-file-output" name="user journey typescript workflow cli args policy not allowed with --json-file-output" time="0">
      <skipped/>
    </testcase>
    <testcase classname="user journey typescript workflow cli args protect not allowed with --json-file-output" name="user journey typescript workflow cli args protect not allowed with --json-file-output" time="0">
      <skipped/>
    </testcase>
    <testcase classname="user journey typescript workflow cli args version not allowed with --json-file-output" name="user journey typescript workflow cli args version not allowed with --json-file-output" time="0">
      <skipped/>
    </testcase>
    <testcase classname="user journey typescript workflow cli args wizard not allowed with --json-file-output" name="user journey typescript workflow cli args wizard not allowed with --json-file-output" time="0">
      <skipped/>
    </testcase>
    <testcase classname="user journey typescript workflow cli args woof not allowed with --json-file-output" name="user journey typescript workflow cli args woof not allowed with --json-file-output" time="0">
      <skipped/>
    </testcase>
    <testcase classname="user journey typescript workflow cli args project attributes are implemented --project{-business-criticality, -lifecycle, -environment}" name="user journey typescript workflow cli args project attributes are implemented --project{-business-criticality, -lifecycle, -environment}" time="0">
      <skipped/>
    </testcase>
    <testcase classname="user journey typescript workflow cli args snyk monitor --project-tags is implemented" name="user journey typescript workflow cli args snyk monitor --project-tags is implemented" time="0">
      <skipped/>
    </testcase>
    <testcase classname="user journey typescript workflow cli args snyk container monitor --project-tags is implemented" name="user journey typescript workflow cli args snyk container monitor --project-tags is implemented" time="0">
      <skipped/>
    </testcase>
    <testcase classname="user journey typescript workflow cli args snyk test --json-file-output no value produces error message" name="user journey typescript workflow cli args snyk test --json-file-output no value produces error message" time="0">
      <skipped/>
    </testcase>
    <testcase classname="user journey typescript workflow cli args snyk test --json-file-output no value produces error message" name="user journey typescript workflow cli args snyk test --json-file-output no value produces error message" time="0">
      <skipped/>
    </testcase>
    <testcase classname="user journey typescript workflow cli args snyk test --json-file-output no value produces error message" name="user journey typescript workflow cli args snyk test --json-file-output no value produces error message" time="0">
      <skipped/>
    </testcase>
    <testcase classname="user journey typescript workflow cli args snyk test --json-file-output no value produces error message" name="user journey typescript workflow cli args snyk test --json-file-output no value produces error message" time="0">
      <skipped/>
    </testcase>
    <testcase classname="user journey typescript workflow cli args iac test with flags not allowed with --sarif" name="user journey typescript workflow cli args iac test with flags not allowed with --sarif" time="0">
      <skipped/>
    </testcase>
    <testcase classname="user journey typescript workflow cli args container test with flags not allowed with --sarif" name="user journey typescript workflow cli args container test with flags not allowed with --sarif" time="0">
      <skipped/>
    </testcase>
    <testcase classname="user journey typescript workflow cli args snyk test --sarif-file-output no value produces error message" name="user journey typescript workflow cli args snyk test --sarif-file-output no value produces error message" time="0">
      <skipped/>
    </testcase>
    <testcase classname="user journey typescript workflow cli args snyk test --sarif-file-output no value produces error message" name="user journey typescript workflow cli args snyk test --sarif-file-output no value produces error message" time="0">
      <skipped/>
    </testcase>
    <testcase classname="user journey typescript workflow cli args snyk test --sarif-file-output no value produces error message" name="user journey typescript workflow cli args snyk test --sarif-file-output no value produces error message" time="0">
      <skipped/>
    </testcase>
    <testcase classname="user journey typescript workflow cli args snyk test --sarif-file-output no value produces error message" name="user journey typescript workflow cli args snyk test --sarif-file-output no value produces error message" time="0">
      <skipped/>
    </testcase>
    <testcase classname="user journey typescript workflow cli args container test --json-file-output can be used at the same time as --sarif-file-output" name="user journey typescript workflow cli args container test --json-file-output can be used at the same time as --sarif-file-output" time="0">
      <skipped/>
    </testcase>
    <testcase classname="user journey typescript workflow cli args container test --sarif-file-output can be used at the same time as --sarif" name="user journey typescript workflow cli args container test --sarif-file-output can be used at the same time as --sarif" time="0">
      <skipped/>
    </testcase>
    <testcase classname="user journey typescript workflow cli args container test --sarif-file-output without vulns" name="user journey typescript workflow cli args container test --sarif-file-output without vulns" time="0">
      <skipped/>
    </testcase>
    <testcase classname="user journey typescript workflow cli args container test --sarif-file-output can be used at the same time as --json" name="user journey typescript workflow cli args container test --sarif-file-output can be used at the same time as --json" time="0">
      <skipped/>
    </testcase>
    <testcase classname="user journey typescript workflow cli args container test --file=Dockerfile --exclude-base-image-vulns returns exit code 0" name="user journey typescript workflow cli args container test --file=Dockerfile --exclude-base-image-vulns returns exit code 0" time="0">
      <skipped/>
    </testcase>
    <testcase classname="user journey typescript workflow cli args container test nested-jars-depth validation should fail with invalid nested-jars-depth value (non-numeric: true)" name="user journey typescript workflow cli args container test nested-jars-depth validation should fail with invalid nested-jars-depth value (non-numeric: true)" time="0.749">
    </testcase>
    <testcase classname="user journey typescript workflow cli args container test nested-jars-depth validation should fail with invalid nested-jars-depth value (non-numeric: false)" name="user journey typescript workflow cli args container test nested-jars-depth validation should fail with invalid nested-jars-depth value (non-numeric: false)" time="0.73">
    </testcase>
    <testcase classname="user journey typescript workflow cli args container test nested-jars-depth validation should fail with invalid nested-jars-depth value (non-numeric: Infinity)" name="user journey typescript workflow cli args container test nested-jars-depth validation should fail with invalid nested-jars-depth value (non-numeric: Infinity)" time="0.728">
    </testcase>
    <testcase classname="user journey typescript workflow cli args container test nested-jars-depth validation should fail with invalid nested-jars-depth value (negative number)" name="user journey typescript workflow cli args container test nested-jars-depth validation should fail with invalid nested-jars-depth value (negative number)" time="0.734">
    </testcase>
    <testcase classname="user journey typescript workflow cli args container test nested-jars-depth validation should fail when using both nested-jars-depth and shaded-jars-depth flags" name="user journey typescript workflow cli args container test nested-jars-depth validation should fail when using both nested-jars-depth and shaded-jars-depth flags" time="0.731">
    </testcase>
    <testcase classname="user journey typescript workflow cli args container test nested-jars-depth validation should accept valid numeric nested-jars-depth value" name="user journey typescript workflow cli args container test nested-jars-depth validation should accept valid numeric nested-jars-depth value" time="0.56">
    </testcase>
  </testsuite>
</testsuites>