<?xml version="1.0" encoding="UTF-8"?>
<testsuites name="jest tests" tests="516" failures="335" errors="0" time="549.615">
  <testsuite name="selectFileForPinning" errors="0" failures="0" skipped="0" timestamp="2024-06-12T20:46:11" time="2.416" tests="16">
    <testcase classname="selectFileForPinning with a -r option chooses targetFile" name="selectFileForPinning with a -r option chooses targetFile" time="0.003">
    </testcase>
    <testcase classname="selectFileForPinning without -r or -c option chooses targetFile" name="selectFileForPinning without -r or -c option chooses targetFile" time="0">
    </testcase>
    <testcase classname="selectFileForPinning with a -c option chooses constraints.txt file" name="selectFileForPinning with a -c option chooses constraints.txt file" time="0.001">
    </testcase>
    <testcase classname="fix *req*.txt / *.txt Python projects fixes project with a -r option" name="fix *req*.txt / *.txt Python projects fixes project with a -r option" time="0.014">
    </testcase>
    <testcase classname="fix *req*.txt / *.txt Python projects does not add extra new lines" name="fix *req*.txt / *.txt Python projects does not add extra new lines" time="0.003">
    </testcase>
    <testcase classname="fix *req*.txt / *.txt Python projects retains new line eof" name="fix *req*.txt / *.txt Python projects retains new line eof" time="0.002">
    </testcase>
    <testcase classname="fix *req*.txt / *.txt Python projects does not mess formatting" name="fix *req*.txt / *.txt Python projects does not mess formatting" time="0.013">
    </testcase>
    <testcase classname="fix *req*.txt / *.txt Python projects ignores dependency name casing (treats all as lowercase)" name="fix *req*.txt / *.txt Python projects ignores dependency name casing (treats all as lowercase)" time="0.002">
    </testcase>
    <testcase classname="fix *req*.txt / *.txt Python projects maintains package name casing when upgrading" name="fix *req*.txt / *.txt Python projects maintains package name casing when upgrading" time="0.002">
    </testcase>
    <testcase classname="fix *req*.txt / *.txt Python projects matches a package with multiple digit versions i.e. 12.123.14" name="fix *req*.txt / *.txt Python projects matches a package with multiple digit versions i.e. 12.123.14" time="0.002">
    </testcase>
    <testcase classname="fix *req*.txt / *.txt Python projects maintains version comparator when upgrading" name="fix *req*.txt / *.txt Python projects maintains version comparator when upgrading" time="0.002">
    </testcase>
    <testcase classname="fix *req*.txt / *.txt Python projects retains python markers" name="fix *req*.txt / *.txt Python projects retains python markers" time="0.004">
    </testcase>
    <testcase classname="fix *req*.txt / *.txt Python projects fixes multiple files that are included via -r" name="fix *req*.txt / *.txt Python projects fixes multiple files that are included via -r" time="0.005">
    </testcase>
    <testcase classname="fix *req*.txt / *.txt Python projects fixes multiple files via -r with the same name (some were already fixed)" name="fix *req*.txt / *.txt Python projects fixes multiple files via -r with the same name (some were already fixed)" time="0.01">
    </testcase>
    <testcase classname="fix *req*.txt / *.txt Python projects fixes multiple files via -c &amp; -r with the same name (some were already fixed)" name="fix *req*.txt / *.txt Python projects fixes multiple files via -c &amp; -r with the same name (some were already fixed)" time="0.003">
    </testcase>
    <testcase classname="fix custom named Python projects with --file &amp; --packageManager parameters fixes *.frozen manifest with a --packageManager option" name="fix custom named Python projects with --file &amp; --packageManager parameters fixes *.frozen manifest with a --packageManager option" time="0.001">
    </testcase>
  </testsuite>
  <testsuite name="fix Poetry Python projects" errors="0" failures="0" skipped="0" timestamp="2024-06-12T20:46:13" time="0.874" tests="12">
    <testcase classname="fix Poetry Python projects shows expected changes with lockfile in --dry-run mode" name="fix Poetry Python projects shows expected changes with lockfile in --dry-run mode" time="0.011">
    </testcase>
    <testcase classname="fix Poetry Python projects error is bubbled up" name="fix Poetry Python projects error is bubbled up" time="0.007">
    </testcase>
    <testcase classname="fix Poetry Python projects Calls the plugin with expected parameters (upgrade &amp; pin)" name="fix Poetry Python projects Calls the plugin with expected parameters (upgrade &amp; pin)" time="0.003">
    </testcase>
    <testcase classname="fix Poetry Python projects Calls the plugin with expected parameters with --dev (upgrade &amp; pin)" name="fix Poetry Python projects Calls the plugin with expected parameters with --dev (upgrade &amp; pin)" time="0.006">
    </testcase>
    <testcase classname="fix Poetry Python projects pins a transitive dep with custom python interpreter via --command" name="fix Poetry Python projects pins a transitive dep with custom python interpreter via --command" time="0.003">
    </testcase>
    <testcase classname="fix Poetry Python projects shows expected changes when updating a dev dep" name="fix Poetry Python projects shows expected changes when updating a dev dep" time="0.002">
    </testcase>
    <testcase classname="fix Poetry Python projects upgrade fails since the env already has the right versions (full failure)" name="fix Poetry Python projects upgrade fails since the env already has the right versions (full failure)" time="0">
    </testcase>
    <testcase classname="fix Poetry Python projects upgrade of dev deps fails (partial failure)" name="fix Poetry Python projects upgrade of dev deps fails (partial failure)" time="0">
    </testcase>
    <testcase classname="fix Poetry Python projects fix sequentially shows expected changes with lockfile in --dry-run mode" name="fix Poetry Python projects fix sequentially shows expected changes with lockfile in --dry-run mode" time="0.002">
    </testcase>
    <testcase classname="fix Poetry Python projects fix sequentially error is bubbled up" name="fix Poetry Python projects fix sequentially error is bubbled up" time="0.017">
    </testcase>
    <testcase classname="fix Poetry Python projects fix sequentially Calls the plugin with expected parameters (upgrade &amp; pin)" name="fix Poetry Python projects fix sequentially Calls the plugin with expected parameters (upgrade &amp; pin)" time="0.002">
    </testcase>
    <testcase classname="fix Poetry Python projects fix sequentially Calls the plugin with expected parameters with --dev (upgrade &amp; pin)" name="fix Poetry Python projects fix sequentially Calls the plugin with expected parameters with --dev (upgrade &amp; pin)" time="0.01">
    </testcase>
    <testcase classname="fix Poetry Python projects fix sequentially pins a transitive dep with custom python interpreter via --command" name="fix Poetry Python projects fix sequentially pins a transitive dep with custom python interpreter via --command" time="0.002">
    </testcase>
    <testcase classname="fix Poetry Python projects fix sequentially shows expected changes when updating a dev dep" name="fix Poetry Python projects fix sequentially shows expected changes when updating a dev dep" time="0.001">
    </testcase>
    <testcase classname="fix Poetry Python projects fix sequentially upgrade fails since the env already has the right versions (full failure)" name="fix Poetry Python projects fix sequentially upgrade fails since the env already has the right versions (full failure)" time="0">
    </testcase>
    <testcase classname="fix Poetry Python projects fix sequentially upgrade of dev deps fails (partial failure)" name="fix Poetry Python projects fix sequentially upgrade of dev deps fails (partial failure)" time="0">
    </testcase>
  </testsuite>
  <testsuite name="fix Pipfile Python projects" errors="0" failures="0" skipped="0" timestamp="2024-06-12T20:46:14" time="0.599" tests="10">
    <testcase classname="fix Pipfile Python projects shows expected changes with lockfile in --dry-run mode" name="fix Pipfile Python projects shows expected changes with lockfile in --dry-run mode" time="0.005">
    </testcase>
    <testcase classname="fix Pipfile Python projects applies expected changes to Pipfile when locking fails" name="fix Pipfile Python projects applies expected changes to Pipfile when locking fails" time="0.002">
    </testcase>
    <testcase classname="fix Pipfile Python projects applies expected changes to Pipfile when install fails" name="fix Pipfile Python projects applies expected changes to Pipfile when install fails" time="0.001">
    </testcase>
    <testcase classname="fix Pipfile Python projects applies expected changes to Pipfile (100% success)" name="fix Pipfile Python projects applies expected changes to Pipfile (100% success)" time="0.002">
    </testcase>
    <testcase classname="fix Pipfile Python projects passes down custom --python if the project was tested with this (--command) from CLI" name="fix Pipfile Python projects passes down custom --python if the project was tested with this (--command) from CLI" time="0.005">
    </testcase>
    <testcase classname="fix Pipfile Python projects (fix sequentially) shows expected changes with lockfile in --dry-run mode" name="fix Pipfile Python projects (fix sequentially) shows expected changes with lockfile in --dry-run mode" time="0.001">
    </testcase>
    <testcase classname="fix Pipfile Python projects (fix sequentially) applies expected changes to Pipfile when locking fails" name="fix Pipfile Python projects (fix sequentially) applies expected changes to Pipfile when locking fails" time="0.002">
    </testcase>
    <testcase classname="fix Pipfile Python projects (fix sequentially) applies expected changes to Pipfile when install fails" name="fix Pipfile Python projects (fix sequentially) applies expected changes to Pipfile when install fails" time="0.002">
    </testcase>
    <testcase classname="fix Pipfile Python projects (fix sequentially) applies expected changes to Pipfile (100% success)" name="fix Pipfile Python projects (fix sequentially) applies expected changes to Pipfile (100% success)" time="0.002">
    </testcase>
    <testcase classname="fix Pipfile Python projects (fix sequentially) passes down custom --python if the project was tested with this (--command) from CLI" name="fix Pipfile Python projects (fix sequentially) passes down custom --python if the project was tested with this (--command) from CLI" time="0.003">
    </testcase>
  </testsuite>
  <testsuite name="analytics module" errors="0" failures="6" skipped="0" timestamp="2024-06-12T20:46:14" time="10.998" tests="12">
    <testcase classname="analytics module sends analytics for `snyk test` with no vulns found" name="analytics module sends analytics for `snyk test` with no vulns found" time="1.572">
      <failure>Error: expect(received).toMatchObject(expected)

Matcher error: received value must be a non-null object

Received has value: undefined
    at Object.&lt;anonymous&gt; (/project/workspace/test/jest/acceptance/analytics.spec.ts:60:25)
    at processTicksAndRejections (node:internal/process/task_queues:95:5)</failure>
    </testcase>
    <testcase classname="analytics module sends analytics for `snyk test` with vulns found" name="analytics module sends analytics for `snyk test` with vulns found" time="2.264">
      <failure>Error: expect(received).toMatchObject(expected)

Matcher error: received value must be a non-null object

Received has value: undefined
    at Object.&lt;anonymous&gt; (/project/workspace/test/jest/acceptance/analytics.spec.ts:134:25)
    at processTicksAndRejections (node:internal/process/task_queues:95:5)</failure>
    </testcase>
    <testcase classname="analytics module sends correct analytics data a bad command" name="analytics module sends correct analytics data a bad command" time="0.203">
      <failure>Error: expect(received).toMatchObject(expected)

Matcher error: received value must be a non-null object

Received has value: undefined
    at Object.&lt;anonymous&gt; (/project/workspace/test/jest/acceptance/analytics.spec.ts:212:25)
    at processTicksAndRejections (node:internal/process/task_queues:95:5)</failure>
    </testcase>
    <testcase classname="analytics module sends correct analytics with error-details containing 403 error body" name="analytics module sends correct analytics with error-details containing 403 error body" time="1.829">
      <failure>Error: expect(received).toMatchObject(expected)

Matcher error: received value must be a non-null object

Received has value: undefined
    at Object.&lt;anonymous&gt; (/project/workspace/test/jest/acceptance/analytics.spec.ts:288:25)
    at processTicksAndRejections (node:internal/process/task_queues:95:5)</failure>
    </testcase>
    <testcase classname="analytics module sends analytics data a bad command" name="analytics module sends analytics data a bad command" time="0.218">
      <failure>Error: expect(received).toMatchObject(expected)

Matcher error: received value must be a non-null object

Received has value: undefined
    at Object.&lt;anonymous&gt; (/project/workspace/test/jest/acceptance/analytics.spec.ts:357:25)
    at processTicksAndRejections (node:internal/process/task_queues:95:5)</failure>
    </testcase>
    <testcase classname="analytics module sends analytics data with basic check only" name="analytics module sends analytics data with basic check only" time="0.237">
    </testcase>
    <testcase classname="analytics module uses OAUTH token if set" name="analytics module uses OAUTH token if set" time="1.214">
    </testcase>
    <testcase classname="analytics module won&apos;t send analytics if disable analytics is set via SNYK_DISABLE_ANALYTICS" name="analytics module won&apos;t send analytics if disable analytics is set via SNYK_DISABLE_ANALYTICS" time="0.222">
    </testcase>
    <testcase classname="analytics module won&apos;t send analytics if disable analytics is set via SNYK_CFG_DISABLE_ANALYTICS" name="analytics module won&apos;t send analytics if disable analytics is set via SNYK_CFG_DISABLE_ANALYTICS" time="0.18">
    </testcase>
    <testcase classname="analytics module won&apos;t send analytics if disable analytics is set via config and disable-analytics" name="analytics module won&apos;t send analytics if disable analytics is set via config and disable-analytics" time="1.596">
    </testcase>
    <testcase classname="analytics module won&apos;t send analytics if disable analytics is set via --DISABLE_ANALYTICS" name="analytics module won&apos;t send analytics if disable analytics is set via --DISABLE_ANALYTICS" time="0.227">
    </testcase>
    <testcase classname="analytics module if analytics are disabled with --DISABLE_ANALYTICS, SNYK_DISABLE_ANALYTICS will be set to 1" name="analytics module if analytics are disabled with --DISABLE_ANALYTICS, SNYK_DISABLE_ANALYTICS will be set to 1" time="0.173">
      <failure>Error: expect(received).toContain(expected) // indexOf

Expected substring: &quot;SNYK_DISABLE_ANALYTICS=1&quot;
Received string:    &quot;_::: &lt;ref *1&gt; [
  {
    _: [Circular *1],
    language: &apos;cat&apos;,
    env: &apos;SNYK_DISABLE_ANALYTICS&apos;,
    DISABLE_ANALYTICS: true
  }
] :::_
language::: cat :::language
env::: SNYK_DISABLE_ANALYTICS :::env
DISABLE_ANALYTICS::: true :::DISABLE_ANALYTICS
SNYK_DISABLE_ANALYTICS=undefined·
    |         |
   /|         |\\
  | |         | |
  | |/-------\\| |
  \\             /
   |  \\     /  |
   | \\o/   \\o/ |
   |    | |    |
    \\/  | |  \\/
    |   | |   |
     \\  ( )  /
      \\_/ \\_/  /-----\\
        \\U/ --( Meow? )
               \\-----/·
&quot;
    at Object.&lt;anonymous&gt; (/project/workspace/test/jest/acceptance/analytics.spec.ts:549:20)
    at processTicksAndRejections (node:internal/process/task_queues:95:5)</failure>
    </testcase>
  </testsuite>
  <testsuite name="@snyk/protect" errors="0" failures="0" skipped="0" timestamp="2024-06-12T20:46:26" time="17.018" tests="13">
    <testcase classname="@snyk/protect applies patch(es) works for project with a single patchable module" name="@snyk/protect applies patch(es) works for project with a single patchable module" time="1.939">
    </testcase>
    <testcase classname="@snyk/protect applies patch(es) works for project with multiple patchable modules" name="@snyk/protect applies patch(es) works for project with multiple patchable modules" time="1.497">
    </testcase>
    <testcase classname="@snyk/protect applies patch(es) works when the vulnId in a .snyk file is quoted" name="@snyk/protect applies patch(es) works when the vulnId in a .snyk file is quoted" time="1.173">
    </testcase>
    <testcase classname="@snyk/protect does not apply any patches and does not fail for project with no modules with the target package name" name="@snyk/protect does not apply any patches and does not fail for project with no modules with the target package name" time="0.647">
    </testcase>
    <testcase classname="@snyk/protect does not apply any patches and does not fail for project with no .snyk file" name="@snyk/protect does not apply any patches and does not fail for project with no .snyk file" time="0.615">
    </testcase>
    <testcase classname="@snyk/protect does not send analytics if analytics is disabled via snyk.json file when disable-analytics equals &quot;1&quot; (as a string)" name="@snyk/protect does not send analytics if analytics is disabled via snyk.json file when disable-analytics equals &quot;1&quot; (as a string)" time="0.639">
    </testcase>
    <testcase classname="@snyk/protect does not send analytics if analytics is disabled via snyk.json file when disable-analytics equals 1 (as a number)" name="@snyk/protect does not send analytics if analytics is disabled via snyk.json file when disable-analytics equals 1 (as a number)" time="0.661">
    </testcase>
    <testcase classname="@snyk/protect does not send analytics if analytics is disabled via SNYK_DISABLE_ANALYTICS env var when SNYK_DISABLE_ANALYTICS is &quot;true&quot;" name="@snyk/protect does not send analytics if analytics is disabled via SNYK_DISABLE_ANALYTICS env var when SNYK_DISABLE_ANALYTICS is &quot;true&quot;" time="0.613">
    </testcase>
    <testcase classname="@snyk/protect does not send analytics if analytics is disabled via SNYK_DISABLE_ANALYTICS env var when SNYK_DISABLE_ANALYTICS is &quot;1&quot;" name="@snyk/protect does not send analytics if analytics is disabled via SNYK_DISABLE_ANALYTICS env var when SNYK_DISABLE_ANALYTICS is &quot;1&quot;" time="0.647">
    </testcase>
    <testcase classname="@snyk/protect outputs correct help documentation when called with --help" name="@snyk/protect outputs correct help documentation when called with --help" time="0.717">
    </testcase>
    <testcase classname="@snyk/protect outputs correct version when called with --version" name="@snyk/protect outputs correct version when called with --version" time="1.289">
    </testcase>
    <testcase classname="@snyk/protect does not attempt to apply patch if a flag file exists indicating the file has already been patched with `.orig` file from the old protect" name="@snyk/protect does not attempt to apply patch if a flag file exists indicating the file has already been patched with `.orig` file from the old protect" time="1.717">
    </testcase>
    <testcase classname="@snyk/protect does not attempt to apply patch if a flag file exists indicating the file has already been patched with `.snyk-protect.flag` file from the new protect" name="@snyk/protect does not attempt to apply patch if a flag file exists indicating the file has already been patched with `.snyk-protect.flag` file from the new protect" time="2.819">
    </testcase>
  </testsuite>
  <testsuite name="cli args" errors="0" failures="0" skipped="0" timestamp="2024-06-12T20:46:43" time="30.392" tests="61">
    <testcase classname="cli args delimiting args should pass expected args to the command as expected" name="cli args delimiting args should pass expected args to the command as expected" time="0.179">
    </testcase>
    <testcase classname="cli args snyk test command should fail when --file is not specified correctly" name="cli args snyk test command should fail when --file is not specified correctly" time="0.296">
    </testcase>
    <testcase classname="cli args snyk version command should show cli version" name="cli args snyk version command should show cli version" time="0.256">
    </testcase>
    <testcase classname="cli args snyk test command should fail when --packageManager is not specified correctly" name="cli args snyk test command should fail when --packageManager is not specified correctly" time="1.744">
    </testcase>
    <testcase classname="cli args snyk test command should fail when iac --file is specified" name="cli args snyk test command should fail when iac --file is specified" time="1.852">
    </testcase>
    <testcase classname="cli args snyk test multiple paths with --project-name=NAME" name="cli args snyk test multiple paths with --project-name=NAME" time="1.623">
    </testcase>
    <testcase classname="cli args snyk test --file=file.sln --project-name=NAME" name="cli args snyk test --file=file.sln --project-name=NAME" time="0.159">
    </testcase>
    <testcase classname="cli args snyk test --file=blah --scan-all-unmanaged" name="cli args snyk test --file=blah --scan-all-unmanaged" time="0.16">
    </testcase>
    <testcase classname="cli args snyk test --maven-aggregate-project --project-name=blah" name="cli args snyk test --maven-aggregate-project --project-name=blah" time="0.156">
    </testcase>
    <testcase classname="cli args test using --file and --yarn-workspaces displays error message" name="cli args test using --file and --yarn-workspaces displays error message" time="0.16">
    </testcase>
    <testcase classname="cli args monitor using --file and --yarn-workspaces displays error message" name="cli args monitor using --file and --yarn-workspaces displays error message" time="0.157">
    </testcase>
    <testcase classname="cli args test using --package-manager and --yarn-workspaces displays error message" name="cli args test using --package-manager and --yarn-workspaces displays error message" time="0.156">
    </testcase>
    <testcase classname="cli args monitor using --package-manager and --yarn-workspaces displays error message" name="cli args monitor using --package-manager and --yarn-workspaces displays error message" time="0.163">
    </testcase>
    <testcase classname="cli args test using --project-name and --yarn-workspaces displays error message" name="cli args test using --project-name and --yarn-workspaces displays error message" time="0.16">
    </testcase>
    <testcase classname="cli args monitor using --project-name and --yarn-workspaces displays error message" name="cli args monitor using --project-name and --yarn-workspaces displays error message" time="0.158">
    </testcase>
    <testcase classname="cli args test using --docker and --yarn-workspaces displays error message" name="cli args test using --docker and --yarn-workspaces displays error message" time="0.168">
    </testcase>
    <testcase classname="cli args monitor using --docker and --yarn-workspaces displays error message" name="cli args monitor using --docker and --yarn-workspaces displays error message" time="0.218">
    </testcase>
    <testcase classname="cli args test using --all-sub-projects and --yarn-workspaces displays error message" name="cli args test using --all-sub-projects and --yarn-workspaces displays error message" time="0.162">
    </testcase>
    <testcase classname="cli args monitor using --all-sub-projects and --yarn-workspaces displays error message" name="cli args monitor using --all-sub-projects and --yarn-workspaces displays error message" time="0.173">
    </testcase>
    <testcase classname="cli args test using --file and --all-projects displays error message" name="cli args test using --file and --all-projects displays error message" time="0.314">
    </testcase>
    <testcase classname="cli args monitor using --file and --all-projects displays error message" name="cli args monitor using --file and --all-projects displays error message" time="0.164">
    </testcase>
    <testcase classname="cli args test using --package-manager and --all-projects displays error message" name="cli args test using --package-manager and --all-projects displays error message" time="0.498">
    </testcase>
    <testcase classname="cli args monitor using --package-manager and --all-projects displays error message" name="cli args monitor using --package-manager and --all-projects displays error message" time="0.158">
    </testcase>
    <testcase classname="cli args test using --project-name and --all-projects displays error message" name="cli args test using --project-name and --all-projects displays error message" time="0.36">
    </testcase>
    <testcase classname="cli args monitor using --project-name and --all-projects displays error message" name="cli args monitor using --project-name and --all-projects displays error message" time="0.173">
    </testcase>
    <testcase classname="cli args test using --docker and --all-projects displays error message" name="cli args test using --docker and --all-projects displays error message" time="0.375">
    </testcase>
    <testcase classname="cli args monitor using --docker and --all-projects displays error message" name="cli args monitor using --docker and --all-projects displays error message" time="0.16">
    </testcase>
    <testcase classname="cli args test using --all-sub-projects and --all-projects displays error message" name="cli args test using --all-sub-projects and --all-projects displays error message" time="0.41">
    </testcase>
    <testcase classname="cli args monitor using --all-sub-projects and --all-projects displays error message" name="cli args monitor using --all-sub-projects and --all-projects displays error message" time="0.159">
    </testcase>
    <testcase classname="cli args test using --yarn-workspaces and --all-projects displays error message" name="cli args test using --yarn-workspaces and --all-projects displays error message" time="0.3">
    </testcase>
    <testcase classname="cli args monitor using --yarn-workspaces and --all-projects displays error message" name="cli args monitor using --yarn-workspaces and --all-projects displays error message" time="0.164">
    </testcase>
    <testcase classname="cli args snyk test --exclude without --all-project displays error message" name="cli args snyk test --exclude without --all-project displays error message" time="0.172">
    </testcase>
    <testcase classname="cli args snyk test --exclude without any value displays error message" name="cli args snyk test --exclude without any value displays error message" time="0.159">
    </testcase>
    <testcase classname="cli args snyk test --exclude=path/to/dir displays error message" name="cli args snyk test --exclude=path/to/dir displays error message" time="0.169">
    </testcase>
    <testcase classname="cli args config not allowed with --json-file-output" name="cli args config not allowed with --json-file-output" time="0.161">
    </testcase>
    <testcase classname="cli args ignore not allowed with --json-file-output" name="cli args ignore not allowed with --json-file-output" time="0.161">
    </testcase>
    <testcase classname="cli args modules not allowed with --json-file-output" name="cli args modules not allowed with --json-file-output" time="0.167">
    </testcase>
    <testcase classname="cli args monitor not allowed with --json-file-output" name="cli args monitor not allowed with --json-file-output" time="0.169">
    </testcase>
    <testcase classname="cli args policy not allowed with --json-file-output" name="cli args policy not allowed with --json-file-output" time="0.157">
    </testcase>
    <testcase classname="cli args protect not allowed with --json-file-output" name="cli args protect not allowed with --json-file-output" time="0.155">
    </testcase>
    <testcase classname="cli args version not allowed with --json-file-output" name="cli args version not allowed with --json-file-output" time="0.16">
    </testcase>
    <testcase classname="cli args wizard not allowed with --json-file-output" name="cli args wizard not allowed with --json-file-output" time="0.161">
    </testcase>
    <testcase classname="cli args woof not allowed with --json-file-output" name="cli args woof not allowed with --json-file-output" time="0.162">
    </testcase>
    <testcase classname="cli args project attributes are implemented --project{-business-criticality, -lifecycle, -environment}" name="cli args project attributes are implemented --project{-business-criticality, -lifecycle, -environment}" time="1.064">
    </testcase>
    <testcase classname="cli args snyk monitor --project-tags is implemented" name="cli args snyk monitor --project-tags is implemented" time="1.059">
    </testcase>
    <testcase classname="cli args snyk container monitor --project-tags is implemented" name="cli args snyk container monitor --project-tags is implemented" time="1.025">
    </testcase>
    <testcase classname="cli args snyk test --json-file-output no value produces error message" name="cli args snyk test --json-file-output no value produces error message" time="0.169">
    </testcase>
    <testcase classname="cli args snyk test --json-file-output no value produces error message" name="cli args snyk test --json-file-output no value produces error message" time="0.16">
    </testcase>
    <testcase classname="cli args snyk test --json-file-output no value produces error message" name="cli args snyk test --json-file-output no value produces error message" time="0.151">
    </testcase>
    <testcase classname="cli args snyk test --json-file-output no value produces error message" name="cli args snyk test --json-file-output no value produces error message" time="0.151">
    </testcase>
    <testcase classname="cli args iac test with flags not allowed with --sarif" name="cli args iac test with flags not allowed with --sarif" time="0.152">
    </testcase>
    <testcase classname="cli args container test with flags not allowed with --sarif" name="cli args container test with flags not allowed with --sarif" time="0.154">
    </testcase>
    <testcase classname="cli args snyk test --sarif-file-output no value produces error message" name="cli args snyk test --sarif-file-output no value produces error message" time="0.157">
    </testcase>
    <testcase classname="cli args snyk test --sarif-file-output no value produces error message" name="cli args snyk test --sarif-file-output no value produces error message" time="0.22">
    </testcase>
    <testcase classname="cli args snyk test --sarif-file-output no value produces error message" name="cli args snyk test --sarif-file-output no value produces error message" time="0.221">
    </testcase>
    <testcase classname="cli args snyk test --sarif-file-output no value produces error message" name="cli args snyk test --sarif-file-output no value produces error message" time="0.322">
    </testcase>
    <testcase classname="cli args container test --json-file-output can be used at the same time as --sarif-file-output" name="cli args container test --json-file-output can be used at the same time as --sarif-file-output" time="5.38">
    </testcase>
    <testcase classname="cli args container test --sarif-file-output can be used at the same time as --sarif" name="cli args container test --sarif-file-output can be used at the same time as --sarif" time="1.238">
    </testcase>
    <testcase classname="cli args container test --sarif-file-output without vulns" name="cli args container test --sarif-file-output without vulns" time="1.206">
    </testcase>
    <testcase classname="cli args container test --sarif-file-output can be used at the same time as --json" name="cli args container test --sarif-file-output can be used at the same time as --json" time="1.184">
    </testcase>
    <testcase classname="cli args container test --file=Dockerfile --exclude-base-image-vulns returns exit code 0" name="cli args container test --file=Dockerfile --exclude-base-image-vulns returns exit code 0" time="2.702">
    </testcase>
  </testsuite>
  <testsuite name="Directory scan" errors="0" failures="7" skipped="0" timestamp="2024-06-12T20:47:13" time="42.193" tests="20">
    <testcase classname="Directory scan scans all files in a directory with Kubernetes files" name="Directory scan scans all files in a directory with Kubernetes files" time="2.375">
      <failure>Error: expect(received).toContain(expected) // indexOf

Expected substring: &quot;Failed to parse YAML file
  Path: iac/kubernetes/helm-config.yaml&quot;
Received string:    &quot;
Snyk Infrastructure as Code·
- Snyk testing Infrastructure as Code configuration issues.
✔ Test completed.·
Issues·
Low Severity Issues: 24·
  [Low] Container&apos;s or Pod&apos;s  UID could clash with host&apos;s UID
  Info:    `runAsUser` value is set to low UID. UID of the container processes
           could clash with host&apos;s UIDs and lead to unintentional authorization
           bypass
  Rule:    https://security.snyk.io/rules/cloud/SNYK-CC-K8S-11
  Path:    [DocId: 0] &gt; input &gt; spec &gt; containers[example] &gt; securityContext &gt;
           runAsUser
  File:    pod-privileged-multi.yaml
  Resolve: Set `securityContext.runAsUser` value to greater or equal than
           10&apos;000. SecurityContext can be set on both `pod` and `container`
           level. If both are set, then the container level takes precedence·
  [Low] Container&apos;s or Pod&apos;s  UID could clash with host&apos;s UID
  Info:    `runAsUser` value is set to low UID. UID of the container processes
           could clash with host&apos;s UIDs and lead to unintentional authorization
           bypass
  Rule:    https://security.snyk.io/rules/cloud/SNYK-CC-K8S-11
  Path:    [DocId: 1] &gt; input &gt; spec &gt; containers[example] &gt; securityContext &gt;
           runAsUser
  File:    pod-privileged-multi.yaml
  Resolve: Set `securityContext.runAsUser` value to greater or equal than
           10&apos;000. SecurityContext can be set on both `pod` and `container`
           level. If both are set, then the container level takes precedence·
  [Low] Container is running without memory limit
  Info:    Memory limit is not defined. Containers without memory limits are
           more likely to be terminated when the node runs out of memory
  Rule:    https://security.snyk.io/rules/cloud/SNYK-CC-K8S-4
  Path:    [DocId: 0] &gt; input &gt; spec &gt; containers[example] &gt; resources &gt; limits
           &gt; memory
  File:    pod-privileged-multi.yaml
  Resolve: Set `resources.limits.memory` value·
  [Low] Container is running without memory limit
  Info:    Memory limit is not defined. Containers without memory limits are
           more likely to be terminated when the node runs out of memory
  Rule:    https://security.snyk.io/rules/cloud/SNYK-CC-K8S-4
  Path:    [DocId: 1] &gt; input &gt; spec &gt; containers[example] &gt; resources &gt; limits
           &gt; memory
  File:    pod-privileged-multi.yaml
  Resolve: Set `resources.limits.memory` value·
  [Low] Container is running without liveness probe
  Info:    Liveness probe is not defined. Kubernetes will not be able to detect
           if application is able to service requests, and will not restart
           unhealthy pods
  Rule:    https://security.snyk.io/rules/cloud/SNYK-CC-K8S-41
  Path:    [DocId: 0] &gt; spec &gt; containers[example] &gt; livenessProbe
  File:    pod-privileged-multi.yaml
  Resolve: Add `livenessProbe` attribute·
  [Low] Container is running without liveness probe
  Info:    Liveness probe is not defined. Kubernetes will not be able to detect
           if application is able to service requests, and will not restart
           unhealthy pods
  Rule:    https://security.snyk.io/rules/cloud/SNYK-CC-K8S-41
  Path:    [DocId: 1] &gt; spec &gt; containers[example] &gt; livenessProbe
  File:    pod-privileged-multi.yaml
  Resolve: Add `livenessProbe` attribute·
  [Low] Container could be running with outdated image
  Info:    The image policy does not prevent image reuse. The container may run
           with outdated or unauthorized image
  Rule:    https://security.snyk.io/rules/cloud/SNYK-CC-K8S-42
  Path:    [DocId: 0] &gt; spec &gt; containers[example] &gt; imagePullPolicy
  File:    pod-privileged-multi.yaml
  Resolve: Set `imagePullPolicy` attribute to `Always`·
  [Low] Container could be running with outdated image
  Info:    The image policy does not prevent image reuse. The container may run
           with outdated or unauthorized image
  Rule:    https://security.snyk.io/rules/cloud/SNYK-CC-K8S-42
  Path:    [DocId: 1] &gt; spec &gt; containers[example] &gt; imagePullPolicy
  File:    pod-privileged-multi.yaml
  Resolve: Set `imagePullPolicy` attribute to `Always`·
  [Low] Container has no CPU limit
  Info:    Container has no CPU limit. CPU limits can prevent containers from
           consuming valuable compute time for no benefit (e.g. inefficient
           code) that might lead to unnecessary costs. It is advisable to also
           configure CPU requests to ensure application stability.
  Rule:    https://security.snyk.io/rules/cloud/SNYK-CC-K8S-5
  Path:    [DocId: 0] &gt; input &gt; spec &gt; containers[example] &gt; resources &gt; limits
           &gt; cpu
  File:    pod-privileged-multi.yaml
  Resolve: Add `resources.limits.cpu` field with required CPU limit value·
  [Low] Container has no CPU limit
  Info:    Container has no CPU limit. CPU limits can prevent containers from
           consuming valuable compute time for no benefit (e.g. inefficient
           code) that might lead to unnecessary costs. It is advisable to also
           configure CPU requests to ensure application stability.
  Rule:    https://security.snyk.io/rules/cloud/SNYK-CC-K8S-5
  Path:    [DocId: 1] &gt; input &gt; spec &gt; containers[example] &gt; resources &gt; limits
           &gt; cpu
  File:    pod-privileged-multi.yaml
  Resolve: Add `resources.limits.cpu` field with required CPU limit value·
  [Low] Container is running with writable root filesystem
  Info:    `readOnlyRootFilesystem` attribute is not set to `true`. Compromised
           process could abuse writable root filesystem to elevate privileges
  Rule:    https://security.snyk.io/rules/cloud/SNYK-CC-K8S-8
  Path:    [DocId: 0] &gt; spec &gt; containers[example] &gt; securityContext &gt;
           readOnlyRootFilesystem
  File:    pod-privileged-multi.yaml
  Resolve: Set `spec.{containers,
           initContainers}.securityContext.readOnlyRootFilesystem` to `true`·
  [Low] Container is running with writable root filesystem
  Info:    `readOnlyRootFilesystem` attribute is not set to `true`. Compromised
           process could abuse writable root filesystem to elevate privileges
  Rule:    https://security.snyk.io/rules/cloud/SNYK-CC-K8S-8
  Path:    [DocId: 1] &gt; spec &gt; containers[example] &gt; securityContext &gt;
           readOnlyRootFilesystem
  File:    pod-privileged-multi.yaml
  Resolve: Set `spec.{containers,
           initContainers}.securityContext.readOnlyRootFilesystem` to `true`·
  [Low] Container&apos;s or Pod&apos;s  UID could clash with host&apos;s UID
  Info:    `runAsUser` value is set to low UID. UID of the container processes
           could clash with host&apos;s UIDs and lead to unintentional authorization
           bypass
  Rule:    https://security.snyk.io/rules/cloud/SNYK-CC-K8S-11
  Path:    [DocId: 0] &gt; input &gt; spec &gt; containers[example] &gt; securityContext &gt;
           runAsUser
  File:    pod-privileged.yaml
  Resolve: Set `securityContext.runAsUser` value to greater or equal than
           10&apos;000. SecurityContext can be set on both `pod` and `container`
           level. If both are set, then the container level takes precedence·
  [Low] Container is running without memory limit
  Info:    Memory limit is not defined. Containers without memory limits are
           more likely to be terminated when the node runs out of memory
  Rule:    https://security.snyk.io/rules/cloud/SNYK-CC-K8S-4
  Path:    [DocId: 0] &gt; input &gt; spec &gt; containers[example] &gt; resources &gt; limits
           &gt; memory
  File:    pod-privileged.yaml
  Resolve: Set `resources.limits.memory` value·
  [Low] Container is running without liveness probe
  Info:    Liveness probe is not defined. Kubernetes will not be able to detect
           if application is able to service requests, and will not restart
           unhealthy pods
  Rule:    https://security.snyk.io/rules/cloud/SNYK-CC-K8S-41
  Path:    [DocId: 0] &gt; spec &gt; containers[example] &gt; livenessProbe
  File:    pod-privileged.yaml
  Resolve: Add `livenessProbe` attribute·
  [Low] Container could be running with outdated image
  Info:    The image policy does not prevent image reuse. The container may run
           with outdated or unauthorized image
  Rule:    https://security.snyk.io/rules/cloud/SNYK-CC-K8S-42
  Path:    [DocId: 0] &gt; spec &gt; containers[example] &gt; imagePullPolicy
  File:    pod-privileged.yaml
  Resolve: Set `imagePullPolicy` attribute to `Always`·
  [Low] Container has no CPU limit
  Info:    Container has no CPU limit. CPU limits can prevent containers from
           consuming valuable compute time for no benefit (e.g. inefficient
           code) that might lead to unnecessary costs. It is advisable to also
           configure CPU requests to ensure application stability.
  Rule:    https://security.snyk.io/rules/cloud/SNYK-CC-K8S-5
  Path:    [DocId: 0] &gt; input &gt; spec &gt; containers[example] &gt; resources &gt; limits
           &gt; cpu
  File:    pod-privileged.yaml
  Resolve: Add `resources.limits.cpu` field with required CPU limit value·
  [Low] Container is running with writable root filesystem
  Info:    `readOnlyRootFilesystem` attribute is not set to `true`. Compromised
           process could abuse writable root filesystem to elevate privileges
  Rule:    https://security.snyk.io/rules/cloud/SNYK-CC-K8S-8
  Path:    [DocId: 0] &gt; spec &gt; containers[example] &gt; securityContext &gt;
           readOnlyRootFilesystem
  File:    pod-privileged.yaml
  Resolve: Set `spec.{containers,
           initContainers}.securityContext.readOnlyRootFilesystem` to `true`·
  [Low] Container&apos;s or Pod&apos;s  UID could clash with host&apos;s UID
  Info:    `runAsUser` value is set to low UID. UID of the container processes
           could clash with host&apos;s UIDs and lead to unintentional authorization
           bypass
  Rule:    https://security.snyk.io/rules/cloud/SNYK-CC-K8S-11
  Path:    input &gt; spec &gt; containers[example] &gt; securityContext &gt; runAsUser
  File:    pod-valid.json
  Resolve: Set `securityContext.runAsUser` value to greater or equal than
           10&apos;000. SecurityContext can be set on both `pod` and `container`
           level. If both are set, then the container level takes precedence·
  [Low] Container is running without memory limit
  Info:    Memory limit is not defined. Containers without memory limits are
           more likely to be terminated when the node runs out of memory
  Rule:    https://security.snyk.io/rules/cloud/SNYK-CC-K8S-4
  Path:    input &gt; spec &gt; containers[example] &gt; resources &gt; limits &gt; memory
  File:    pod-valid.json
  Resolve: Set `resources.limits.memory` value·
  [Low] Container is running without liveness probe
  Info:    Liveness probe is not defined. Kubernetes will not be able to detect
           if application is able to service requests, and will not restart
           unhealthy pods
  Rule:    https://security.snyk.io/rules/cloud/SNYK-CC-K8S-41
  Path:    spec &gt; containers[example] &gt; livenessProbe
  File:    pod-valid.json
  Resolve: Add `livenessProbe` attribute·
  [Low] Container could be running with outdated image
  Info:    The image policy does not prevent image reuse. The container may run
           with outdated or unauthorized image
  Rule:    https://security.snyk.io/rules/cloud/SNYK-CC-K8S-42
  Path:    spec &gt; containers[example] &gt; imagePullPolicy
  File:    pod-valid.json
  Resolve: Set `imagePullPolicy` attribute to `Always`·
  [Low] Container has no CPU limit
  Info:    Container has no CPU limit. CPU limits can prevent containers from
           consuming valuable compute time for no benefit (e.g. inefficient
           code) that might lead to unnecessary costs. It is advisable to also
           configure CPU requests to ensure application stability.
  Rule:    https://security.snyk.io/rules/cloud/SNYK-CC-K8S-5
  Path:    input &gt; spec &gt; containers[example] &gt; resources &gt; limits &gt; cpu
  File:    pod-valid.json
  Resolve: Add `resources.limits.cpu` field with required CPU limit value·
  [Low] Container is running with writable root filesystem
  Info:    `readOnlyRootFilesystem` attribute is not set to `true`. Compromised
           process could abuse writable root filesystem to elevate privileges
  Rule:    https://security.snyk.io/rules/cloud/SNYK-CC-K8S-8
  Path:    spec &gt; containers[example] &gt; securityContext &gt; readOnlyRootFilesystem
  File:    pod-valid.json
  Resolve: Set `spec.{containers,
           initContainers}.securityContext.readOnlyRootFilesystem` to `true`·
Medium Severity Issues: 12·
  [Medium] Container or Pod is running without root user control
  Info:    Container or Pod is running without root user control. Container or
           Pod could be running with full administrative privileges
  Rule:    https://security.snyk.io/rules/cloud/SNYK-CC-K8S-10
  Path:    [DocId: 0] &gt; input &gt; spec &gt; containers[example] &gt; securityContext &gt;
           runAsNonRoot
  File:    pod-privileged-multi.yaml
  Resolve: Set `securityContext.runAsNonRoot` to `true`·
  [Medium] Container or Pod is running without root user control
  Info:    Container or Pod is running without root user control. Container or
           Pod could be running with full administrative privileges
  Rule:    https://security.snyk.io/rules/cloud/SNYK-CC-K8S-10
  Path:    [DocId: 1] &gt; input &gt; spec &gt; containers[example] &gt; securityContext &gt;
           runAsNonRoot
  File:    pod-privileged-multi.yaml
  Resolve: Set `securityContext.runAsNonRoot` to `true`·
  [Medium] Container does not drop all default capabilities
  Info:    All default capabilities are not explicitly dropped. Containers are
           running with potentially unnecessary privileges
  Rule:    https://security.snyk.io/rules/cloud/SNYK-CC-K8S-6
  Path:    [DocId: 0] &gt; input &gt; spec &gt; containers[example] &gt; securityContext &gt;
           capabilities &gt; drop
  File:    pod-privileged-multi.yaml
  Resolve: Add `ALL` to `securityContext.capabilities.drop` list, and add only
           required capabilities in `securityContext.capabilities.add`·
  [Medium] Container does not drop all default capabilities
  Info:    All default capabilities are not explicitly dropped. Containers are
           running with potentially unnecessary privileges
  Rule:    https://security.snyk.io/rules/cloud/SNYK-CC-K8S-6
  Path:    [DocId: 1] &gt; input &gt; spec &gt; containers[example] &gt; securityContext &gt;
           capabilities &gt; drop
  File:    pod-privileged-multi.yaml
  Resolve: Add `ALL` to `securityContext.capabilities.drop` list, and add only
           required capabilities in `securityContext.capabilities.add`·
  [Medium] Container is running without privilege escalation control
  Info:    `allowPrivilegeEscalation` attribute is not set to `false`. Processes
           could elevate current privileges via known vectors, for example SUID
           binaries
  Rule:    https://security.snyk.io/rules/cloud/SNYK-CC-K8S-9
  Path:    [DocId: 0] &gt; spec &gt; containers[example] &gt; securityContext &gt;
           allowPrivilegeEscalation
  File:    pod-privileged-multi.yaml
  Resolve: Set `spec.{containers,
           initContainers}.securityContext.allowPrivilegeEscalation` to `false`·
  [Medium] Container is running without privilege escalation control
  Info:    `allowPrivilegeEscalation` attribute is not set to `false`. Processes
           could elevate current privileges via known vectors, for example SUID
           binaries
  Rule:    https://security.snyk.io/rules/cloud/SNYK-CC-K8S-9
  Path:    [DocId: 1] &gt; spec &gt; containers[example] &gt; securityContext &gt;
           allowPrivilegeEscalation
  File:    pod-privileged-multi.yaml
  Resolve: Set `spec.{containers,
           initContainers}.securityContext.allowPrivilegeEscalation` to `false`·
  [Medium] Container or Pod is running without root user control
  Info:    Container or Pod is running without root user control. Container or
           Pod could be running with full administrative privileges
  Rule:    https://security.snyk.io/rules/cloud/SNYK-CC-K8S-10
  Path:    [DocId: 0] &gt; input &gt; spec &gt; containers[example] &gt; securityContext &gt;
           runAsNonRoot
  File:    pod-privileged.yaml
  Resolve: Set `securityContext.runAsNonRoot` to `true`·
  [Medium] Container does not drop all default capabilities
  Info:    All default capabilities are not explicitly dropped. Containers are
           running with potentially unnecessary privileges
  Rule:    https://security.snyk.io/rules/cloud/SNYK-CC-K8S-6
  Path:    [DocId: 0] &gt; input &gt; spec &gt; containers[example] &gt; securityContext &gt;
           capabilities &gt; drop
  File:    pod-privileged.yaml
  Resolve: Add `ALL` to `securityContext.capabilities.drop` list, and add only
           required capabilities in `securityContext.capabilities.add`·
  [Medium] Container is running without privilege escalation control
  Info:    `allowPrivilegeEscalation` attribute is not set to `false`. Processes
           could elevate current privileges via known vectors, for example SUID
           binaries
  Rule:    https://security.snyk.io/rules/cloud/SNYK-CC-K8S-9
  Path:    [DocId: 0] &gt; spec &gt; containers[example] &gt; securityContext &gt;
           allowPrivilegeEscalation
  File:    pod-privileged.yaml
  Resolve: Set `spec.{containers,
           initContainers}.securityContext.allowPrivilegeEscalation` to `false`·
  [Medium] Container or Pod is running without root user control
  Info:    Container or Pod is running without root user control. Container or
           Pod could be running with full administrative privileges
  Rule:    https://security.snyk.io/rules/cloud/SNYK-CC-K8S-10
  Path:    input &gt; spec &gt; containers[example] &gt; securityContext &gt; runAsNonRoot
  File:    pod-valid.json
  Resolve: Set `securityContext.runAsNonRoot` to `true`·
  [Medium] Container does not drop all default capabilities
  Info:    All default capabilities are not explicitly dropped. Containers are
           running with potentially unnecessary privileges
  Rule:    https://security.snyk.io/rules/cloud/SNYK-CC-K8S-6
  Path:    input &gt; spec &gt; containers[example] &gt; securityContext &gt; capabilities &gt;
           drop
  File:    pod-valid.json
  Resolve: Add `ALL` to `securityContext.capabilities.drop` list, and add only
           required capabilities in `securityContext.capabilities.add`·
  [Medium] Container is running without privilege escalation control
  Info:    `allowPrivilegeEscalation` attribute is not set to `false`. Processes
           could elevate current privileges via known vectors, for example SUID
           binaries
  Rule:    https://security.snyk.io/rules/cloud/SNYK-CC-K8S-9
  Path:    spec &gt; containers[example] &gt; securityContext &gt;
           allowPrivilegeEscalation
  File:    pod-valid.json
  Resolve: Set `spec.{containers,
           initContainers}.securityContext.allowPrivilegeEscalation` to `false`·
High Severity Issues: 4·
  [High] Privileged container
  Info:    Container is running in privileged mode. Compromised container could
           potentially modify the underlying host’s kernel by loading
           unauthorized modules (i.e. drivers).
  Rule:    https://security.snyk.io/rules/cloud/SNYK-CC-K8S-1
  Path:    [DocId: 0] &gt; input &gt; spec &gt; containers[example] &gt; securityContext &gt;
           privileged
  File:    pod-privileged-multi.yaml
  Resolve: Remove `securityContext.privileged` attribute, or set value to
           `false`·
  [High] Privileged container
  Info:    Container is running in privileged mode. Compromised container could
           potentially modify the underlying host’s kernel by loading
           unauthorized modules (i.e. drivers).
  Rule:    https://security.snyk.io/rules/cloud/SNYK-CC-K8S-1
  Path:    [DocId: 1] &gt; input &gt; spec &gt; containers[example] &gt; securityContext &gt;
           privileged
  File:    pod-privileged-multi.yaml
  Resolve: Remove `securityContext.privileged` attribute, or set value to
           `false`·
  [High] Privileged container
  Info:    Container is running in privileged mode. Compromised container could
           potentially modify the underlying host’s kernel by loading
           unauthorized modules (i.e. drivers).
  Rule:    https://security.snyk.io/rules/cloud/SNYK-CC-K8S-1
  Path:    [DocId: 0] &gt; input &gt; spec &gt; containers[example] &gt; securityContext &gt;
           privileged
  File:    pod-privileged.yaml
  Resolve: Remove `securityContext.privileged` attribute, or set value to
           `false`·
  [High] Privileged container
  Info:    Container is running in privileged mode. Compromised container could
           potentially modify the underlying host’s kernel by loading
           unauthorized modules (i.e. drivers).
  Rule:    https://security.snyk.io/rules/cloud/SNYK-CC-K8S-1
  Path:    input &gt; spec &gt; containers[example] &gt; securityContext &gt; privileged
  File:    pod-valid.json
  Resolve: Remove `securityContext.privileged` attribute, or set value to
           `false`·
-------------------------------------------------------·
Test Summary·
  Organization: test-org
  Project name: fixtures·
✔ Files without issues: 1
✗ Files with issues: 3
  Ignored issues: 0
  Total issues: 40 [ 0 critical, 4 high, 12 medium, 24 low ]·
-------------------------------------------------------·
Tip·
  New: Share your test results in the Snyk Web UI with the option --report·
&quot;
    at Object.&lt;anonymous&gt; (/project/workspace/test/jest/acceptance/iac/test-directory.spec.ts:26:20)
    at processTicksAndRejections (node:internal/process/task_queues:95:5)</failure>
    </testcase>
    <testcase classname="Directory scan scans all files in a directory with a mix of IaC files" name="Directory scan scans all files in a directory with a mix of IaC files" time="3.081">
      <failure>Error: expect(received).toContain(expected) // indexOf

Expected substring: &quot;Failed to parse YAML file
  Path: iac/cloudformation/invalid-cfn.yml
        iac/kubernetes/helm-config.yaml
        iac/only-invalid/invalid-file1.yml
        iac/only-invalid/invalid-file2.yaml&quot;
Received string:    &quot;
Snyk Infrastructure as Code·
- Snyk testing Infrastructure as Code configuration issues.
✔ Test completed.·
Issues·
Low Severity Issues: 78·
  [Low] SNS topic is not encrypted with customer managed key
  Info:    SNS topic is not encrypted with customer managed key. Scope of use of
           the encryption key cannot be controlled via KMS/IAM policies
  Rule:    https://security.snyk.io/rules/cloud/SNYK-CC-AWS-422
  Path:    [DocId: 0] &gt; Resources[DatabaseAlarmTopic] &gt; Properties &gt;
           KmsMasterKeyId
  File:    cloudformation/aurora-valid.yml
  Resolve: Set `Properties.KmsMasterKeyId` attribute to a customer managed key
           id·
  [Low] S3 bucket versioning disabled
  Info:    S3 bucket versioning is disabled. Changes or deletion of objects will
           not be reversible
  Rule:    https://security.snyk.io/rules/cloud/SNYK-CC-TF-124
  Path:    Resources[CodePipelineArtifactBucket] &gt; Properties &gt;
           VersioningConfiguration &gt; Status
  File:    cloudformation/fargate-valid.json
  Resolve: Set `Properties.VersioningConfiguration.Status` attribute to
           `Enabled`·
  [Low] S3 bucket versioning disabled
  Info:    S3 bucket versioning is disabled. Changes or deletion of objects will
           not be reversible
  Rule:    https://security.snyk.io/rules/cloud/SNYK-CC-TF-124
  Path:    Resources[DefaultContainerBucket] &gt; Properties &gt;
           VersioningConfiguration &gt; Status
  File:    cloudformation/fargate-valid.json
  Resolve: Set `Properties.VersioningConfiguration.Status` attribute to
           `Enabled`·
  [Low] S3 bucket versioning disabled
  Info:    S3 bucket versioning is disabled. Changes or deletion of objects will
           not be reversible
  Rule:    https://security.snyk.io/rules/cloud/SNYK-CC-TF-124
  Path:    resource &gt; aws_s3_bucket[s3_bucket] &gt; versioning &gt; enabled
  File:    depth_detection/root.tf
  Resolve: For AWS provider &lt; v4.0.0, set `versioning.enabled` attribute to
           `true`. For AWS provider &gt;= v4.0.0, add aws_s3_bucket_versioning
           resource.·
  [Low] S3 bucket MFA delete control disabled
  Info:    S3 bucket will not enforce MFA login on delete requests. Object could
           be deleted without stronger MFA authorization
  Rule:    https://security.snyk.io/rules/cloud/SNYK-CC-TF-127
  Path:    resource &gt; aws_s3_bucket[s3_bucket] &gt; versioning &gt; mfa_delete
  File:    depth_detection/root.tf
  Resolve: Follow instructions in `https://docs.aws.amazon.com/AmazonS3/latest/u
           serguide/MultiFactorAuthenticationDelete.html` to manually configure
           the MFA setting. For AWS provider &lt; v4.0.0 set
           `versioning.mfa_delete` attribute to `true` in aws_s3_bucket
           resource. For AWS provider &gt;= v4.0.0 set
           &apos;versioning_configuration.mfa_delete` attribute to `Enabled`. The
           terraform change is required to reflect the setting in the state file·
  [Low] S3 server access logging is disabled
  Info:    The s3 access logs will not be collected. There will be no audit
           trail of access to s3 objects
  Rule:    https://security.snyk.io/rules/cloud/SNYK-CC-TF-45
  Path:    input &gt; resource &gt; aws_s3_bucket[s3_bucket] &gt; logging
  File:    depth_detection/root.tf
  Resolve: For AWS provider &lt; v4.0.0, add `logging` block attribute. For AWS
           provider &gt;= v4.0.0, add aws_s3_bucket_logging resource.·
  [Low] Container&apos;s or Pod&apos;s  UID could clash with host&apos;s UID
  Info:    `runAsUser` value is set to low UID. UID of the container processes
           could clash with host&apos;s UIDs and lead to unintentional authorization
           bypass
  Rule:    https://security.snyk.io/rules/cloud/SNYK-CC-K8S-11
  Path:    [DocId: 0] &gt; input &gt; spec &gt; containers[example] &gt; securityContext &gt;
           runAsUser
  File:    file-logging/file_content_logging.yaml
  Resolve: Set `securityContext.runAsUser` value to greater or equal than
           10&apos;000. SecurityContext can be set on both `pod` and `container`
           level. If both are set, then the container level takes precedence·
  [Low] Container is running without memory limit
  Info:    Memory limit is not defined. Containers without memory limits are
           more likely to be terminated when the node runs out of memory
  Rule:    https://security.snyk.io/rules/cloud/SNYK-CC-K8S-4
  Path:    [DocId: 0] &gt; input &gt; spec &gt; containers[example] &gt; resources &gt; limits
           &gt; memory
  File:    file-logging/file_content_logging.yaml
  Resolve: Set `resources.limits.memory` value·
  [Low] Container is running without liveness probe
  Info:    Liveness probe is not defined. Kubernetes will not be able to detect
           if application is able to service requests, and will not restart
           unhealthy pods
  Rule:    https://security.snyk.io/rules/cloud/SNYK-CC-K8S-41
  Path:    [DocId: 0] &gt; spec &gt; containers[example] &gt; livenessProbe
  File:    file-logging/file_content_logging.yaml
  Resolve: Add `livenessProbe` attribute·
  [Low] Container could be running with outdated image
  Info:    The image policy does not prevent image reuse. The container may run
           with outdated or unauthorized image
  Rule:    https://security.snyk.io/rules/cloud/SNYK-CC-K8S-42
  Path:    [DocId: 0] &gt; spec &gt; containers[example] &gt; imagePullPolicy
  File:    file-logging/file_content_logging.yaml
  Resolve: Set `imagePullPolicy` attribute to `Always`·
  [Low] Container has no CPU limit
  Info:    Container has no CPU limit. CPU limits can prevent containers from
           consuming valuable compute time for no benefit (e.g. inefficient
           code) that might lead to unnecessary costs. It is advisable to also
           configure CPU requests to ensure application stability.
  Rule:    https://security.snyk.io/rules/cloud/SNYK-CC-K8S-5
  Path:    [DocId: 0] &gt; input &gt; spec &gt; containers[example] &gt; resources &gt; limits
           &gt; cpu
  File:    file-logging/file_content_logging.yaml
  Resolve: Add `resources.limits.cpu` field with required CPU limit value·
  [Low] Container is running with writable root filesystem
  Info:    `readOnlyRootFilesystem` attribute is not set to `true`. Compromised
           process could abuse writable root filesystem to elevate privileges
  Rule:    https://security.snyk.io/rules/cloud/SNYK-CC-K8S-8
  Path:    [DocId: 0] &gt; spec &gt; containers[example] &gt; securityContext &gt;
           readOnlyRootFilesystem
  File:    file-logging/file_content_logging.yaml
  Resolve: Set `spec.{containers,
           initContainers}.securityContext.readOnlyRootFilesystem` to `true`·
  [Low] Container&apos;s or Pod&apos;s  UID could clash with host&apos;s UID
  Info:    `runAsUser` value is set to low UID. UID of the container processes
           could clash with host&apos;s UIDs and lead to unintentional authorization
           bypass
  Rule:    https://security.snyk.io/rules/cloud/SNYK-CC-K8S-11
  Path:    [DocId: 0] &gt; input &gt; spec &gt; containers[example] &gt; securityContext &gt;
           runAsUser
  File:    kubernetes/pod-privileged-multi.yaml
  Resolve: Set `securityContext.runAsUser` value to greater or equal than
           10&apos;000. SecurityContext can be set on both `pod` and `container`
           level. If both are set, then the container level takes precedence·
  [Low] Container&apos;s or Pod&apos;s  UID could clash with host&apos;s UID
  Info:    `runAsUser` value is set to low UID. UID of the container processes
           could clash with host&apos;s UIDs and lead to unintentional authorization
           bypass
  Rule:    https://security.snyk.io/rules/cloud/SNYK-CC-K8S-11
  Path:    [DocId: 1] &gt; input &gt; spec &gt; containers[example] &gt; securityContext &gt;
           runAsUser
  File:    kubernetes/pod-privileged-multi.yaml
  Resolve: Set `securityContext.runAsUser` value to greater or equal than
           10&apos;000. SecurityContext can be set on both `pod` and `container`
           level. If both are set, then the container level takes precedence·
  [Low] Container is running without memory limit
  Info:    Memory limit is not defined. Containers without memory limits are
           more likely to be terminated when the node runs out of memory
  Rule:    https://security.snyk.io/rules/cloud/SNYK-CC-K8S-4
  Path:    [DocId: 0] &gt; input &gt; spec &gt; containers[example] &gt; resources &gt; limits
           &gt; memory
  File:    kubernetes/pod-privileged-multi.yaml
  Resolve: Set `resources.limits.memory` value·
  [Low] Container is running without memory limit
  Info:    Memory limit is not defined. Containers without memory limits are
           more likely to be terminated when the node runs out of memory
  Rule:    https://security.snyk.io/rules/cloud/SNYK-CC-K8S-4
  Path:    [DocId: 1] &gt; input &gt; spec &gt; containers[example] &gt; resources &gt; limits
           &gt; memory
  File:    kubernetes/pod-privileged-multi.yaml
  Resolve: Set `resources.limits.memory` value·
  [Low] Container is running without liveness probe
  Info:    Liveness probe is not defined. Kubernetes will not be able to detect
           if application is able to service requests, and will not restart
           unhealthy pods
  Rule:    https://security.snyk.io/rules/cloud/SNYK-CC-K8S-41
  Path:    [DocId: 0] &gt; spec &gt; containers[example] &gt; livenessProbe
  File:    kubernetes/pod-privileged-multi.yaml
  Resolve: Add `livenessProbe` attribute·
  [Low] Container is running without liveness probe
  Info:    Liveness probe is not defined. Kubernetes will not be able to detect
           if application is able to service requests, and will not restart
           unhealthy pods
  Rule:    https://security.snyk.io/rules/cloud/SNYK-CC-K8S-41
  Path:    [DocId: 1] &gt; spec &gt; containers[example] &gt; livenessProbe
  File:    kubernetes/pod-privileged-multi.yaml
  Resolve: Add `livenessProbe` attribute·
  [Low] Container could be running with outdated image
  Info:    The image policy does not prevent image reuse. The container may run
           with outdated or unauthorized image
  Rule:    https://security.snyk.io/rules/cloud/SNYK-CC-K8S-42
  Path:    [DocId: 0] &gt; spec &gt; containers[example] &gt; imagePullPolicy
  File:    kubernetes/pod-privileged-multi.yaml
  Resolve: Set `imagePullPolicy` attribute to `Always`·
  [Low] Container could be running with outdated image
  Info:    The image policy does not prevent image reuse. The container may run
           with outdated or unauthorized image
  Rule:    https://security.snyk.io/rules/cloud/SNYK-CC-K8S-42
  Path:    [DocId: 1] &gt; spec &gt; containers[example] &gt; imagePullPolicy
  File:    kubernetes/pod-privileged-multi.yaml
  Resolve: Set `imagePullPolicy` attribute to `Always`·
  [Low] Container has no CPU limit
  Info:    Container has no CPU limit. CPU limits can prevent containers from
           consuming valuable compute time for no benefit (e.g. inefficient
           code) that might lead to unnecessary costs. It is advisable to also
           configure CPU requests to ensure application stability.
  Rule:    https://security.snyk.io/rules/cloud/SNYK-CC-K8S-5
  Path:    [DocId: 0] &gt; input &gt; spec &gt; containers[example] &gt; resources &gt; limits
           &gt; cpu
  File:    kubernetes/pod-privileged-multi.yaml
  Resolve: Add `resources.limits.cpu` field with required CPU limit value·
  [Low] Container has no CPU limit
  Info:    Container has no CPU limit. CPU limits can prevent containers from
           consuming valuable compute time for no benefit (e.g. inefficient
           code) that might lead to unnecessary costs. It is advisable to also
           configure CPU requests to ensure application stability.
  Rule:    https://security.snyk.io/rules/cloud/SNYK-CC-K8S-5
  Path:    [DocId: 1] &gt; input &gt; spec &gt; containers[example] &gt; resources &gt; limits
           &gt; cpu
  File:    kubernetes/pod-privileged-multi.yaml
  Resolve: Add `resources.limits.cpu` field with required CPU limit value·
  [Low] Container is running with writable root filesystem
  Info:    `readOnlyRootFilesystem` attribute is not set to `true`. Compromised
           process could abuse writable root filesystem to elevate privileges
  Rule:    https://security.snyk.io/rules/cloud/SNYK-CC-K8S-8
  Path:    [DocId: 0] &gt; spec &gt; containers[example] &gt; securityContext &gt;
           readOnlyRootFilesystem
  File:    kubernetes/pod-privileged-multi.yaml
  Resolve: Set `spec.{containers,
           initContainers}.securityContext.readOnlyRootFilesystem` to `true`·
  [Low] Container is running with writable root filesystem
  Info:    `readOnlyRootFilesystem` attribute is not set to `true`. Compromised
           process could abuse writable root filesystem to elevate privileges
  Rule:    https://security.snyk.io/rules/cloud/SNYK-CC-K8S-8
  Path:    [DocId: 1] &gt; spec &gt; containers[example] &gt; securityContext &gt;
           readOnlyRootFilesystem
  File:    kubernetes/pod-privileged-multi.yaml
  Resolve: Set `spec.{containers,
           initContainers}.securityContext.readOnlyRootFilesystem` to `true`·
  [Low] Container&apos;s or Pod&apos;s  UID could clash with host&apos;s UID
  Info:    `runAsUser` value is set to low UID. UID of the container processes
           could clash with host&apos;s UIDs and lead to unintentional authorization
           bypass
  Rule:    https://security.snyk.io/rules/cloud/SNYK-CC-K8S-11
  Path:    [DocId: 0] &gt; input &gt; spec &gt; containers[example] &gt; securityContext &gt;
           runAsUser
  File:    kubernetes/pod-privileged.yaml
  Resolve: Set `securityContext.runAsUser` value to greater or equal than
           10&apos;000. SecurityContext can be set on both `pod` and `container`
           level. If both are set, then the container level takes precedence·
  [Low] Container is running without memory limit
  Info:    Memory limit is not defined. Containers without memory limits are
           more likely to be terminated when the node runs out of memory
  Rule:    https://security.snyk.io/rules/cloud/SNYK-CC-K8S-4
  Path:    [DocId: 0] &gt; input &gt; spec &gt; containers[example] &gt; resources &gt; limits
           &gt; memory
  File:    kubernetes/pod-privileged.yaml
  Resolve: Set `resources.limits.memory` value·
  [Low] Container is running without liveness probe
  Info:    Liveness probe is not defined. Kubernetes will not be able to detect
           if application is able to service requests, and will not restart
           unhealthy pods
  Rule:    https://security.snyk.io/rules/cloud/SNYK-CC-K8S-41
  Path:    [DocId: 0] &gt; spec &gt; containers[example] &gt; livenessProbe
  File:    kubernetes/pod-privileged.yaml
  Resolve: Add `livenessProbe` attribute·
  [Low] Container could be running with outdated image
  Info:    The image policy does not prevent image reuse. The container may run
           with outdated or unauthorized image
  Rule:    https://security.snyk.io/rules/cloud/SNYK-CC-K8S-42
  Path:    [DocId: 0] &gt; spec &gt; containers[example] &gt; imagePullPolicy
  File:    kubernetes/pod-privileged.yaml
  Resolve: Set `imagePullPolicy` attribute to `Always`·
  [Low] Container has no CPU limit
  Info:    Container has no CPU limit. CPU limits can prevent containers from
           consuming valuable compute time for no benefit (e.g. inefficient
           code) that might lead to unnecessary costs. It is advisable to also
           configure CPU requests to ensure application stability.
  Rule:    https://security.snyk.io/rules/cloud/SNYK-CC-K8S-5
  Path:    [DocId: 0] &gt; input &gt; spec &gt; containers[example] &gt; resources &gt; limits
           &gt; cpu
  File:    kubernetes/pod-privileged.yaml
  Resolve: Add `resources.limits.cpu` field with required CPU limit value·
  [Low] Container is running with writable root filesystem
  Info:    `readOnlyRootFilesystem` attribute is not set to `true`. Compromised
           process could abuse writable root filesystem to elevate privileges
  Rule:    https://security.snyk.io/rules/cloud/SNYK-CC-K8S-8
  Path:    [DocId: 0] &gt; spec &gt; containers[example] &gt; securityContext &gt;
           readOnlyRootFilesystem
  File:    kubernetes/pod-privileged.yaml
  Resolve: Set `spec.{containers,
           initContainers}.securityContext.readOnlyRootFilesystem` to `true`·
  [Low] Container&apos;s or Pod&apos;s  UID could clash with host&apos;s UID
  Info:    `runAsUser` value is set to low UID. UID of the container processes
           could clash with host&apos;s UIDs and lead to unintentional authorization
           bypass
  Rule:    https://security.snyk.io/rules/cloud/SNYK-CC-K8S-11
  Path:    input &gt; spec &gt; containers[example] &gt; securityContext &gt; runAsUser
  File:    kubernetes/pod-valid.json
  Resolve: Set `securityContext.runAsUser` value to greater or equal than
           10&apos;000. SecurityContext can be set on both `pod` and `container`
           level. If both are set, then the container level takes precedence·
  [Low] Container is running without memory limit
  Info:    Memory limit is not defined. Containers without memory limits are
           more likely to be terminated when the node runs out of memory
  Rule:    https://security.snyk.io/rules/cloud/SNYK-CC-K8S-4
  Path:    input &gt; spec &gt; containers[example] &gt; resources &gt; limits &gt; memory
  File:    kubernetes/pod-valid.json
  Resolve: Set `resources.limits.memory` value·
  [Low] Container is running without liveness probe
  Info:    Liveness probe is not defined. Kubernetes will not be able to detect
           if application is able to service requests, and will not restart
           unhealthy pods
  Rule:    https://security.snyk.io/rules/cloud/SNYK-CC-K8S-41
  Path:    spec &gt; containers[example] &gt; livenessProbe
  File:    kubernetes/pod-valid.json
  Resolve: Add `livenessProbe` attribute·
  [Low] Container could be running with outdated image
  Info:    The image policy does not prevent image reuse. The container may run
           with outdated or unauthorized image
  Rule:    https://security.snyk.io/rules/cloud/SNYK-CC-K8S-42
  Path:    spec &gt; containers[example] &gt; imagePullPolicy
  File:    kubernetes/pod-valid.json
  Resolve: Set `imagePullPolicy` attribute to `Always`·
  [Low] Container has no CPU limit
  Info:    Container has no CPU limit. CPU limits can prevent containers from
           consuming valuable compute time for no benefit (e.g. inefficient
           code) that might lead to unnecessary costs. It is advisable to also
           configure CPU requests to ensure application stability.
  Rule:    https://security.snyk.io/rules/cloud/SNYK-CC-K8S-5
  Path:    input &gt; spec &gt; containers[example] &gt; resources &gt; limits &gt; cpu
  File:    kubernetes/pod-valid.json
  Resolve: Add `resources.limits.cpu` field with required CPU limit value·
  [Low] Container is running with writable root filesystem
  Info:    `readOnlyRootFilesystem` attribute is not set to `true`. Compromised
           process could abuse writable root filesystem to elevate privileges
  Rule:    https://security.snyk.io/rules/cloud/SNYK-CC-K8S-8
  Path:    spec &gt; containers[example] &gt; securityContext &gt; readOnlyRootFilesystem
  File:    kubernetes/pod-valid.json
  Resolve: Set `spec.{containers,
           initContainers}.securityContext.readOnlyRootFilesystem` to `true`·
  [Low] Container&apos;s or Pod&apos;s  UID could clash with host&apos;s UID
  Info:    `runAsUser` value is set to low UID. UID of the container processes
           could clash with host&apos;s UIDs and lead to unintentional authorization
           bypass
  Rule:    https://security.snyk.io/rules/cloud/SNYK-CC-K8S-11
  Path:    [DocId: 0] &gt; input &gt; spec &gt; containers[example] &gt; securityContext &gt;
           runAsUser
  File:    no_vulnerabilities/pod-privileged.yaml
  Resolve: Set `securityContext.runAsUser` value to greater or equal than
           10&apos;000. SecurityContext can be set on both `pod` and `container`
           level. If both are set, then the container level takes precedence·
  [Low] Container is running without memory limit
  Info:    Memory limit is not defined. Containers without memory limits are
           more likely to be terminated when the node runs out of memory
  Rule:    https://security.snyk.io/rules/cloud/SNYK-CC-K8S-4
  Path:    [DocId: 0] &gt; input &gt; spec &gt; containers[example] &gt; resources &gt; limits
           &gt; memory
  File:    no_vulnerabilities/pod-privileged.yaml
  Resolve: Set `resources.limits.memory` value·
  [Low] Container is running without liveness probe
  Info:    Liveness probe is not defined. Kubernetes will not be able to detect
           if application is able to service requests, and will not restart
           unhealthy pods
  Rule:    https://security.snyk.io/rules/cloud/SNYK-CC-K8S-41
  Path:    [DocId: 0] &gt; spec &gt; containers[example] &gt; livenessProbe
  File:    no_vulnerabilities/pod-privileged.yaml
  Resolve: Add `livenessProbe` attribute·
  [Low] Container could be running with outdated image
  Info:    The image policy does not prevent image reuse. The container may run
           with outdated or unauthorized image
  Rule:    https://security.snyk.io/rules/cloud/SNYK-CC-K8S-42
  Path:    [DocId: 0] &gt; spec &gt; containers[example] &gt; imagePullPolicy
  File:    no_vulnerabilities/pod-privileged.yaml
  Resolve: Set `imagePullPolicy` attribute to `Always`·
  [Low] Container has no CPU limit
  Info:    Container has no CPU limit. CPU limits can prevent containers from
           consuming valuable compute time for no benefit (e.g. inefficient
           code) that might lead to unnecessary costs. It is advisable to also
           configure CPU requests to ensure application stability.
  Rule:    https://security.snyk.io/rules/cloud/SNYK-CC-K8S-5
  Path:    [DocId: 0] &gt; input &gt; spec &gt; containers[example] &gt; resources &gt; limits
           &gt; cpu
  File:    no_vulnerabilities/pod-privileged.yaml
  Resolve: Add `resources.limits.cpu` field with required CPU limit value·
  [Low] Container is running with writable root filesystem
  Info:    `readOnlyRootFilesystem` attribute is not set to `true`. Compromised
           process could abuse writable root filesystem to elevate privileges
  Rule:    https://security.snyk.io/rules/cloud/SNYK-CC-K8S-8
  Path:    [DocId: 0] &gt; spec &gt; containers[example] &gt; securityContext &gt;
           readOnlyRootFilesystem
  File:    no_vulnerabilities/pod-privileged.yaml
  Resolve: Set `spec.{containers,
           initContainers}.securityContext.readOnlyRootFilesystem` to `true`·
  [Low] Container&apos;s or Pod&apos;s  UID could clash with host&apos;s UID
  Info:    `runAsUser` value is set to low UID. UID of the container processes
           could clash with host&apos;s UIDs and lead to unintentional authorization
           bypass
  Rule:    https://security.snyk.io/rules/cloud/SNYK-CC-K8S-11
  Path:    [DocId: 0] &gt; input &gt; spec &gt; containers[example] &gt; securityContext &gt;
           runAsUser
  File:    only-valid/pod-privileged-multi.yaml
  Resolve: Set `securityContext.runAsUser` value to greater or equal than
           10&apos;000. SecurityContext can be set on both `pod` and `container`
           level. If both are set, then the container level takes precedence·
  [Low] Container&apos;s or Pod&apos;s  UID could clash with host&apos;s UID
  Info:    `runAsUser` value is set to low UID. UID of the container processes
           could clash with host&apos;s UIDs and lead to unintentional authorization
           bypass
  Rule:    https://security.snyk.io/rules/cloud/SNYK-CC-K8S-11
  Path:    [DocId: 1] &gt; input &gt; spec &gt; containers[example] &gt; securityContext &gt;
           runAsUser
  File:    only-valid/pod-privileged-multi.yaml
  Resolve: Set `securityContext.runAsUser` value to greater or equal than
           10&apos;000. SecurityContext can be set on both `pod` and `container`
           level. If both are set, then the container level takes precedence·
  [Low] Container is running without memory limit
  Info:    Memory limit is not defined. Containers without memory limits are
[...]
      <failure>Error: expect(received).toContain(expected) // indexOf

Expected substring: &quot;Haf!&quot;
Received string:    &quot;&quot;
    at /project/workspace/test/jest/acceptance/woof.spec.ts:40:20
    at processTicksAndRejections (node:internal/process/task_queues:95:5)</failure>
    </testcase>
    <testcase classname="woof Woofs in { langCode: &apos;uk&apos;, expectedWoof: &apos;Гав!&apos; }" name="woof Woofs in { langCode: &apos;uk&apos;, expectedWoof: &apos;Гав!&apos; }" time="0.035">
      <failure>Error: expect(received).toContain(expected) // indexOf

Expected substring: &quot;Гав!&quot;
Received string:    &quot;&quot;
    at /project/workspace/test/jest/acceptance/woof.spec.ts:40:20
    at processTicksAndRejections (node:internal/process/task_queues:95:5)</failure>
    </testcase>
    <testcase classname="woof Woofs in { langCode: &apos;de&apos;, expectedWoof: &apos;Wuff!&apos; }" name="woof Woofs in { langCode: &apos;de&apos;, expectedWoof: &apos;Wuff!&apos; }" time="0.035">
      <failure>Error: expect(received).toContain(expected) // indexOf

Expected substring: &quot;Wuff!&quot;
Received string:    &quot;&quot;
    at /project/workspace/test/jest/acceptance/woof.spec.ts:40:20
    at processTicksAndRejections (node:internal/process/task_queues:95:5)</failure>
    </testcase>
    <testcase classname="woof Woofs in { langCode: &apos;ro&apos;, expectedWoof: &apos;Ham!&apos; }" name="woof Woofs in { langCode: &apos;ro&apos;, expectedWoof: &apos;Ham!&apos; }" time="0.056">
      <failure>Error: expect(received).toContain(expected) // indexOf

Expected substring: &quot;Ham!&quot;
Received string:    &quot;&quot;
    at /project/workspace/test/jest/acceptance/woof.spec.ts:40:20
    at processTicksAndRejections (node:internal/process/task_queues:95:5)</failure>
    </testcase>
    <testcase classname="woof Woofs in { langCode: &apos;cat&apos;, expectedWoof: &apos;Meow?&apos; }" name="woof Woofs in { langCode: &apos;cat&apos;, expectedWoof: &apos;Meow?&apos; }" time="0.041">
      <failure>Error: expect(received).toContain(expected) // indexOf

Expected substring: &quot;Meow?&quot;
Received string:    &quot;&quot;
    at /project/workspace/test/jest/acceptance/woof.spec.ts:40:20
    at processTicksAndRejections (node:internal/process/task_queues:95:5)</failure>
    </testcase>
  </testsuite>
  <testsuite name="--tags" errors="0" failures="0" skipped="0" timestamp="2024-06-12T20:55:13" time="0.767" tests="6">
    <testcase classname="--tags raises the correct error when passed as --project-tags (i.e. missing the =)" name="--tags raises the correct error when passed as --project-tags (i.e. missing the =)" time="0.004">
    </testcase>
    <testcase classname="--tags returns an empty set of tags when passed as --project-tags=" name="--tags returns an empty set of tags when passed as --project-tags=" time="0">
    </testcase>
    <testcase classname="--tags returns undefined when --project-tags is not passed" name="--tags returns undefined when --project-tags is not passed" time="0">
    </testcase>
    <testcase classname="--tags raises the correct error when a key is supplied with no value" name="--tags raises the correct error when a key is supplied with no value" time="0.001">
    </testcase>
    <testcase classname="--tags parses a single key/value pair into the correct data structure" name="--tags parses a single key/value pair into the correct data structure" time="0">
    </testcase>
    <testcase classname="--tags parses multiple key/value pairs into the correct data structure" name="--tags parses multiple key/value pairs into the correct data structure" time="0.001">
    </testcase>
  </testsuite>
  <testsuite name="GitHub action - IaC" errors="0" failures="5" skipped="0" timestamp="2024-06-12T20:55:14" time="0.559" tests="5">
    <testcase classname="GitHub action - IaC when provided config: {&quot;relativeDir&quot;:&quot;&quot;,&quot;inputPath&quot;:&quot;/project/workspace/test/fixtures/iac/kubernetes/pod-valid.json&quot;} tests the GH Action SARIF output" name="GitHub action - IaC when provided config: {&quot;relativeDir&quot;:&quot;&quot;,&quot;inputPath&quot;:&quot;/project/workspace/test/fixtures/iac/kubernetes/pod-valid.json&quot;} tests the GH Action SARIF output" time="0.04">
      <failure>Error: expect(received).toEqual(expected) // deep equality

Expected: &quot;&quot;
Received: &quot;node:internal/modules/package_json_reader:93
        throw error;
        ^·
SyntaxError: Error parsing /project/workspace/package.json: Unexpected non-whitespace character after JSON at position 8
    at parse (&lt;anonymous&gt;)
    at read (node:internal/modules/package_json_reader:80:16)
    at readPackage (node:internal/modules/package_json_reader:141:10)
    at readPackageScope (node:internal/modules/package_json_reader:164:19)
    at shouldUseESMLoader (node:internal/modules/run_main:72:15)
    at Function.executeUserEntryPoint [as runMain] (node:internal/modules/run_main:129:24)
    at node:internal/main/run_main_module:28:49 {
  path: &apos;/project/workspace/package.json&apos;
}·
Node.js v20.12.1
&quot;
    at GithubActionTestRunner.runAndGenerateSARIF (/project/workspace/test/jest/acceptance/iac/github-action/runner.ts:66:22)
    at processTicksAndRejections (node:internal/process/task_queues:95:5)
    at GithubActionTestRunner.test (/project/workspace/test/jest/acceptance/iac/github-action/runner.ts:53:19)
    at Object.&lt;anonymous&gt; (/project/workspace/test/jest/acceptance/iac/github-action/iac.spec.ts:48:7)</failure>
    </testcase>
    <testcase classname="GitHub action - IaC when provided config: {&quot;relativeDir&quot;:&quot;&quot;,&quot;inputPath&quot;:&quot;./iac/kubernetes/pod-valid.json&quot;} tests the GH Action SARIF output" name="GitHub action - IaC when provided config: {&quot;relativeDir&quot;:&quot;&quot;,&quot;inputPath&quot;:&quot;./iac/kubernetes/pod-valid.json&quot;} tests the GH Action SARIF output" time="0.04">
      <failure>Error: expect(received).toEqual(expected) // deep equality

Expected: &quot;&quot;
Received: &quot;node:internal/modules/package_json_reader:93
        throw error;
        ^·
SyntaxError: Error parsing /project/workspace/package.json: Unexpected non-whitespace character after JSON at position 8
    at parse (&lt;anonymous&gt;)
    at read (node:internal/modules/package_json_reader:80:16)
    at readPackage (node:internal/modules/package_json_reader:141:10)
    at readPackageScope (node:internal/modules/package_json_reader:164:19)
    at shouldUseESMLoader (node:internal/modules/run_main:72:15)
    at Function.executeUserEntryPoint [as runMain] (node:internal/modules/run_main:129:24)
    at node:internal/main/run_main_module:28:49 {
  path: &apos;/project/workspace/package.json&apos;
}·
Node.js v20.12.1
&quot;
    at GithubActionTestRunner.runAndGenerateSARIF (/project/workspace/test/jest/acceptance/iac/github-action/runner.ts:66:22)
    at processTicksAndRejections (node:internal/process/task_queues:95:5)
    at GithubActionTestRunner.test (/project/workspace/test/jest/acceptance/iac/github-action/runner.ts:53:19)
    at Object.&lt;anonymous&gt; (/project/workspace/test/jest/acceptance/iac/github-action/iac.spec.ts:48:7)</failure>
    </testcase>
    <testcase classname="GitHub action - IaC when provided config: {&quot;relativeDir&quot;:&quot;&quot;,&quot;inputPath&quot;:&quot;./iac&quot;} tests the GH Action SARIF output" name="GitHub action - IaC when provided config: {&quot;relativeDir&quot;:&quot;&quot;,&quot;inputPath&quot;:&quot;./iac&quot;} tests the GH Action SARIF output" time="0.048">
      <failure>Error: expect(received).toEqual(expected) // deep equality

Expected: &quot;&quot;
Received: &quot;node:internal/modules/package_json_reader:93
        throw error;
        ^·
SyntaxError: Error parsing /project/workspace/package.json: Unexpected non-whitespace character after JSON at position 8
    at parse (&lt;anonymous&gt;)
    at read (node:internal/modules/package_json_reader:80:16)
    at readPackage (node:internal/modules/package_json_reader:141:10)
    at readPackageScope (node:internal/modules/package_json_reader:164:19)
    at shouldUseESMLoader (node:internal/modules/run_main:72:15)
    at Function.executeUserEntryPoint [as runMain] (node:internal/modules/run_main:129:24)
    at node:internal/main/run_main_module:28:49 {
  path: &apos;/project/workspace/package.json&apos;
}·
Node.js v20.12.1
&quot;
    at GithubActionTestRunner.runAndGenerateSARIF (/project/workspace/test/jest/acceptance/iac/github-action/runner.ts:66:22)
    at processTicksAndRejections (node:internal/process/task_queues:95:5)
    at GithubActionTestRunner.test (/project/workspace/test/jest/acceptance/iac/github-action/runner.ts:53:19)
    at Object.&lt;anonymous&gt; (/project/workspace/test/jest/acceptance/iac/github-action/iac.spec.ts:48:7)</failure>
    </testcase>
    <testcase classname="GitHub action - IaC when provided config: {&quot;relativeDir&quot;:&quot;iac&quot;,&quot;inputPath&quot;:&quot;.&quot;} tests the GH Action SARIF output" name="GitHub action - IaC when provided config: {&quot;relativeDir&quot;:&quot;iac&quot;,&quot;inputPath&quot;:&quot;.&quot;} tests the GH Action SARIF output" time="0.039">
      <failure>Error: expect(received).toEqual(expected) // deep equality

Expected: &quot;&quot;
Received: &quot;node:internal/modules/package_json_reader:93
        throw error;
        ^·
SyntaxError: Error parsing /project/workspace/package.json: Unexpected non-whitespace character after JSON at position 8
    at parse (&lt;anonymous&gt;)
    at read (node:internal/modules/package_json_reader:80:16)
    at readPackage (node:internal/modules/package_json_reader:141:10)
    at readPackageScope (node:internal/modules/package_json_reader:164:19)
    at shouldUseESMLoader (node:internal/modules/run_main:72:15)
    at Function.executeUserEntryPoint [as runMain] (node:internal/modules/run_main:129:24)
    at node:internal/main/run_main_module:28:49 {
  path: &apos;/project/workspace/package.json&apos;
}·
Node.js v20.12.1
&quot;
    at GithubActionTestRunner.runAndGenerateSARIF (/project/workspace/test/jest/acceptance/iac/github-action/runner.ts:66:22)
    at processTicksAndRejections (node:internal/process/task_queues:95:5)
    at GithubActionTestRunner.test (/project/workspace/test/jest/acceptance/iac/github-action/runner.ts:53:19)
    at Object.&lt;anonymous&gt; (/project/workspace/test/jest/acceptance/iac/github-action/iac.spec.ts:48:7)</failure>
    </testcase>
    <testcase classname="GitHub action - IaC when provided config: {&quot;relativeDir&quot;:&quot;iac&quot;,&quot;inputPath&quot;:&quot;&quot;} tests the GH Action SARIF output" name="GitHub action - IaC when provided config: {&quot;relativeDir&quot;:&quot;iac&quot;,&quot;inputPath&quot;:&quot;&quot;} tests the GH Action SARIF output" time="0.042">
      <failure>Error: expect(received).toEqual(expected) // deep equality

Expected: &quot;&quot;
Received: &quot;node:internal/modules/package_json_reader:93
        throw error;
        ^·
SyntaxError: Error parsing /project/workspace/package.json: Unexpected non-whitespace character after JSON at position 8
    at parse (&lt;anonymous&gt;)
    at read (node:internal/modules/package_json_reader:80:16)
    at readPackage (node:internal/modules/package_json_reader:141:10)
    at readPackageScope (node:internal/modules/package_json_reader:164:19)
    at shouldUseESMLoader (node:internal/modules/run_main:72:15)
    at Function.executeUserEntryPoint [as runMain] (node:internal/modules/run_main:129:24)
    at node:internal/main/run_main_module:28:49 {
  path: &apos;/project/workspace/package.json&apos;
}·
Node.js v20.12.1
&quot;
    at GithubActionTestRunner.runAndGenerateSARIF (/project/workspace/test/jest/acceptance/iac/github-action/runner.ts:66:22)
    at processTicksAndRejections (node:internal/process/task_queues:95:5)
    at GithubActionTestRunner.test (/project/workspace/test/jest/acceptance/iac/github-action/runner.ts:53:19)
    at Object.&lt;anonymous&gt; (/project/workspace/test/jest/acceptance/iac/github-action/iac.spec.ts:48:7)</failure>
    </testcase>
  </testsuite>
  <testsuite name="iac test --org" errors="0" failures="3" skipped="0" timestamp="2024-06-12T20:55:14" time="0.302" tests="3">
    <testcase classname="iac test --org uses the default org" name="iac test --org uses the default org" time="0.042">
      <failure>SyntaxError: Unexpected end of JSON input
    at JSON.parse (&lt;anonymous&gt;)
    at Object.&lt;anonymous&gt; (/project/workspace/test/jest/acceptance/iac/org-flag.spec.ts:21:25)
    at processTicksAndRejections (node:internal/process/task_queues:95:5)</failure>
    </testcase>
    <testcase classname="iac test --org uses the the org provided via the --org flag" name="iac test --org uses the the org provided via the --org flag" time="0.039">
      <failure>SyntaxError: Unexpected end of JSON input
    at JSON.parse (&lt;anonymous&gt;)
    at Object.&lt;anonymous&gt; (/project/workspace/test/jest/acceptance/iac/org-flag.spec.ts:29:25)
    at processTicksAndRejections (node:internal/process/task_queues:95:5)</failure>
    </testcase>
    <testcase classname="iac test --org uses the the org provided via the SNYK_CFG_ORG variable" name="iac test --org uses the the org provided via the SNYK_CFG_ORG variable" time="0.037">
      <failure>SyntaxError: Unexpected end of JSON input
    at JSON.parse (&lt;anonymous&gt;)
    at Object.&lt;anonymous&gt; (/project/workspace/test/jest/acceptance/iac/org-flag.spec.ts:40:25)
    at processTicksAndRejections (node:internal/process/task_queues:95:5)</failure>
    </testcase>
  </testsuite>
  <testsuite name="debug log" errors="0" failures="1" skipped="0" timestamp="2024-06-12T20:55:15" time="0.297" tests="2">
    <testcase classname="debug log redacts token from env var" name="debug log redacts token from env var" time="0.041">
    </testcase>
    <testcase classname="debug log redacts token from config file" name="debug log redacts token from config file" time="0.084">
      <failure>Error: expect(received).not.toBeFalsy()

Received: &quot;&quot;
    at Object.&lt;anonymous&gt; (/project/workspace/test/jest/acceptance/debuglog.spec.ts:41:31)
    at processTicksAndRejections (node:internal/process/task_queues:95:5)</failure>
    </testcase>
  </testsuite>
  <testsuite name="dep-graph" errors="0" failures="0" skipped="0" timestamp="2024-06-12T20:55:15" time="0.169" tests="3">
    <testcase classname="dep-graph hasUnknownVersions returns true when dep-graph has unknown versions" name="dep-graph hasUnknownVersions returns true when dep-graph has unknown versions" time="0.002">
    </testcase>
    <testcase classname="dep-graph hasUnknownVersions returns false when dep-graph does not have unknown versions" name="dep-graph hasUnknownVersions returns false when dep-graph does not have unknown versions" time="0">
    </testcase>
    <testcase classname="dep-graph hasUnknownVersions returns false when dep-graph is undefined" name="dep-graph hasUnknownVersions returns false when dep-graph is undefined" time="0.001">
    </testcase>
  </testsuite>
  <testsuite name="FIPS" errors="0" failures="0" skipped="0" timestamp="2024-06-12T20:55:15" time="0.146" tests="1">
    <testcase classname="FIPS Tests are disabled!" name="FIPS Tests are disabled!" time="0.002">
    </testcase>
  </testsuite>
  <testsuite name="iac test --json file.yaml" errors="0" failures="1" skipped="0" timestamp="2024-06-12T20:55:15" time="0.211" tests="1">
    <testcase classname="iac test --json file.yaml supports the correct line numbers for multi-doc YAML files" name="iac test --json file.yaml supports the correct line numbers for multi-doc YAML files" time="0.042">
      <failure>SyntaxError: Unexpected end of JSON input
    at JSON.parse (&lt;anonymous&gt;)
    at Object.&lt;anonymous&gt; (/project/workspace/test/jest/acceptance/iac/multidoc-yaml.spec.ts:23:48)
    at processTicksAndRejections (node:internal/process/task_queues:95:5)</failure>
    </testcase>
  </testsuite>
  <testsuite name="checkPath() regression test snyk/cli#3406" errors="0" failures="1" skipped="0" timestamp="2024-06-12T20:55:16" time="0.356" tests="1">
    <testcase classname="checkPath() regression test snyk/cli#3406 supports scanning a project matching an OSS manifest name" name="checkPath() regression test snyk/cli#3406 supports scanning a project matching an OSS manifest name" time="0.091">
      <failure>Error: expect(received).toContain(expected) // indexOf

Expected substring: &quot;Could not find any valid IaC files
  Path: ./iac/check-paths-regression/package.json&quot;
Received string:    &quot;&quot;
    at Object.&lt;anonymous&gt; (/project/workspace/test/jest/acceptance/iac/check-paths-regression.spec.ts:27:20)</failure>
    </testcase>
  </testsuite>
  <testsuite name="snyk sbom: unmanaged options" errors="0" failures="1" skipped="0" timestamp="2024-06-12T20:55:16" time="0.804" tests="1">
    <testcase classname="snyk sbom: unmanaged options `sbom --max-depth=1` generates an SBOM includind the dependencies within the archive" name="snyk sbom: unmanaged options `sbom --max-depth=1` generates an SBOM includind the dependencies within the archive" time="0.147">
      <failure>Error: expect(received).toEqual(expected) // deep equality

Expected: 0
Received: 1
    at Object.&lt;anonymous&gt; (/project/workspace/test/jest/acceptance/snyk-sbom/unmanaged-options.spec.ts:20:18)
    at processTicksAndRejections (node:internal/process/task_queues:95:5)</failure>
    </testcase>
  </testsuite>
  <testsuite name="Fix PR" errors="0" failures="0" skipped="0" timestamp="2024-06-12T20:55:17" time="2.631" tests="1">
    <testcase classname="Fix PR patches vulnerable dependencies on install" name="Fix PR patches vulnerable dependencies on install" time="2.54">
    </testcase>
  </testsuite>
  <testsuite name="iac test with infrastructureAsCode entitlement" errors="0" failures="1" skipped="0" timestamp="2024-06-12T20:55:19" time="0.223" tests="1">
    <testcase classname="iac test with infrastructureAsCode entitlement fails to scan because the user is not entitled to infrastructureAsCode" name="iac test with infrastructureAsCode entitlement fails to scan because the user is not entitled to infrastructureAsCode" time="0.034">
      <failure>Error: expect(received).toContain(expected) // indexOf

Expected substring: &quot;This feature is currently not enabled for your org. To enable it, please contact snyk support.&quot;
Received string:    &quot;&quot;
    at Object.&lt;anonymous&gt; (/project/workspace/test/jest/acceptance/iac/iac-entitlement.spec.ts:21:20)
    at processTicksAndRejections (node:internal/process/task_queues:95:5)</failure>
    </testcase>
  </testsuite>
  <testsuite name="Parallel CLI execution" errors="0" failures="1" skipped="0" timestamp="2024-06-12T20:55:20" time="0.355" tests="1">
    <testcase classname="Parallel CLI execution parallel woof" name="Parallel CLI execution parallel woof" time="0.18">
      <failure>Error: expect(received).toBe(expected) // Object.is equality

Expected: 0
Received: 1
    at Object.&lt;anonymous&gt; (/project/workspace/test/jest/acceptance/parallel-execution.spec.ts:17:20)</failure>
    </testcase>
  </testsuite>
  <testsuite name="--about" errors="0" failures="1" skipped="0" timestamp="2024-06-12T20:55:20" time="0.276" tests="1">
    <testcase classname="--about prints open source attribution information" name="--about prints open source attribution information" time="0.04">
      <failure>Error: expect(received).toBe(expected) // Object.is equality

Expected: 0
Received: 1
    at Object.&lt;anonymous&gt; (/project/workspace/test/jest/acceptance/about.spec.ts:9:18)
    at processTicksAndRejections (node:internal/process/task_queues:95:5)</failure>
    </testcase>
  </testsuite>
</testsuites>